#
# There is insufficient memory for the Java Runtime Environment to continue.
# Native memory allocation (malloc) failed to allocate 632416 bytes for Chunk::new
# Possible reasons:
#   The system is out of physical RAM or swap space
#   The process is running with CompressedOops enabled, and the Java Heap may be blocking the growth of the native heap
# Possible solutions:
#   Reduce memory load on the system
#   Increase physical memory or swap space
#   Check if swap backing store is full
#   Decrease Java heap size (-Xmx/-Xms)
#   Decrease number of Java threads
#   Decrease Java thread stack sizes (-Xss)
#   Set larger code cache with -XX:ReservedCodeCacheSize=
#   JVM is running with Unscaled Compressed Oops mode in which the Java heap is
#     placed in the first 4GB address space. The Java Heap base address is the
#     maximum limit for the native heap growth. Please use -XX:HeapBaseMinAddress
#     to set the Java Heap base and to place the Java Heap above 4GB virtual address.
# This output file may be truncated or incomplete.
#
#  Out of Memory Error (./src/hotspot/share/memory/arena.cpp:197), pid=6536, tid=5064
#
# JRE version: OpenJDK Runtime Environment (11.0.11+9) (build 11.0.11+9-b60-7590822)
# Java VM: OpenJDK 64-Bit Server VM (11.0.11+9-b60-7590822, mixed mode, tiered, compressed oops, g1 gc, windows-amd64)
# No core dump will be written. Minidumps are not enabled by default on client versions of Windows
#

---------------  S U M M A R Y ------------

Command Line: org.jetbrains.kotlin.cli.jvm.K2JVMCompiler @E:\Android\GoodBook\app\build\20220517_16631114740862883980.compiler.options

Host: Intel(R) Core(TM) i7-8565U CPU @ 1.80GHz, 8 cores, 7G,  Windows 10 , 64 bit Build 19041 (10.0.19041.1503)
Time: Tue May 17 20:51:59 2022 SE Asia Standard Time elapsed time: 6.127371 seconds (0d 0h 0m 6s)

---------------  T H R E A D  ---------------

Current thread (0x0000020278317800):  JavaThread "C2 CompilerThread1" daemon [_thread_in_native, id=5064, stack(0x0000000e14000000,0x0000000e14100000)]


Current CompileTask:
C2:   6127 8108       4       org.jetbrains.kotlin.resolve.lazy.descriptors.AbstractLazyMemberScope::getDeclaredFunctions (276 bytes)

Stack: [0x0000000e14000000,0x0000000e14100000]
Native frames: (J=compiled Java code, j=interpreted, Vv=VM code, C=native code)
V  [jvm.dll+0x5f214a]
V  [jvm.dll+0x726fb5]
V  [jvm.dll+0x7285cd]
V  [jvm.dll+0x728c83]
V  [jvm.dll+0x243278]
V  [jvm.dll+0xbc53c]
V  [jvm.dll+0xbca3c]
V  [jvm.dll+0x2b5c34]
V  [jvm.dll+0x508488]
V  [jvm.dll+0x203d53]
V  [jvm.dll+0x1fdbac]
V  [jvm.dll+0x1fb35f]
V  [jvm.dll+0x183d6c]
V  [jvm.dll+0x209a57]
V  [jvm.dll+0x2082a1]
V  [jvm.dll+0x6ef58f]
V  [jvm.dll+0x6e80b5]
V  [jvm.dll+0x5f1036]
C  [ucrtbase.dll+0x21bb2]
C  [KERNEL32.DLL+0x17034]
C  [ntdll.dll+0x52651]


---------------  P R O C E S S  ---------------

Threads class SMR info:
_java_thread_list=0x000002027be3d3a0, length=11, elements={
0x000002025d46b800, 0x00000202777fb800, 0x000002027781d800, 0x000002027783a000,
0x000002027783c000, 0x000002027783f000, 0x0000020277843000, 0x0000020277845000,
0x0000020278192800, 0x000002027830b800, 0x0000020278317800
}

Java Threads: ( => current thread )
  0x000002025d46b800 JavaThread "main" [_thread_in_vm, id=9920, stack(0x0000000e12f00000,0x0000000e13000000)]
  0x00000202777fb800 JavaThread "Reference Handler" daemon [_thread_blocked, id=18760, stack(0x0000000e13600000,0x0000000e13700000)]
  0x000002027781d800 JavaThread "Finalizer" daemon [_thread_blocked, id=19336, stack(0x0000000e13700000,0x0000000e13800000)]
  0x000002027783a000 JavaThread "Signal Dispatcher" daemon [_thread_blocked, id=19476, stack(0x0000000e13800000,0x0000000e13900000)]
  0x000002027783c000 JavaThread "Attach Listener" daemon [_thread_blocked, id=15200, stack(0x0000000e13900000,0x0000000e13a00000)]
  0x000002027783f000 JavaThread "Service Thread" daemon [_thread_blocked, id=10976, stack(0x0000000e13a00000,0x0000000e13b00000)]
  0x0000020277843000 JavaThread "C2 CompilerThread0" daemon [_thread_in_native, id=5320, stack(0x0000000e13b00000,0x0000000e13c00000)]
  0x0000020277845000 JavaThread "C1 CompilerThread0" daemon [_thread_blocked, id=9172, stack(0x0000000e13c00000,0x0000000e13d00000)]
  0x0000020278192800 JavaThread "Sweeper thread" daemon [_thread_blocked, id=15024, stack(0x0000000e13d00000,0x0000000e13e00000)]
  0x000002027830b800 JavaThread "Common-Cleaner" daemon [_thread_blocked, id=15396, stack(0x0000000e13f00000,0x0000000e14000000)]
=>0x0000020278317800 JavaThread "C2 CompilerThread1" daemon [_thread_in_native, id=5064, stack(0x0000000e14000000,0x0000000e14100000)]

Other Threads:
  0x00000202777f9800 VMThread "VM Thread" [stack: 0x0000000e13500000,0x0000000e13600000] [id=11204]
  0x0000020278304800 WatcherThread [stack: 0x0000000e13e00000,0x0000000e13f00000] [id=2804]
  0x000002025d483800 GCTaskThread "GC Thread#0" [stack: 0x0000000e13000000,0x0000000e13100000] [id=12304]
  0x0000020278955000 GCTaskThread "GC Thread#1" [stack: 0x0000000e14100000,0x0000000e14200000] [id=13228]
  0x0000020278956000 GCTaskThread "GC Thread#2" [stack: 0x0000000e14200000,0x0000000e14300000] [id=16732]
  0x000002027d3d4800 GCTaskThread "GC Thread#3" [stack: 0x0000000e14400000,0x0000000e14500000] [id=2744]
  0x000002025d4b5000 ConcurrentGCThread "G1 Main Marker" [stack: 0x0000000e13100000,0x0000000e13200000] [id=4612]
  0x000002025d4b6800 ConcurrentGCThread "G1 Conc#0" [stack: 0x0000000e13200000,0x0000000e13300000] [id=5216]
  0x00000202795b8000 ConcurrentGCThread "G1 Conc#1" [stack: 0x0000000e14300000,0x0000000e14400000] [id=276]
  0x0000020277660800 ConcurrentGCThread "G1 Refine#0" [stack: 0x0000000e13300000,0x0000000e13400000] [id=10640]
  0x0000020277661800 ConcurrentGCThread "G1 Young RemSet Sampling" [stack: 0x0000000e13400000,0x0000000e13500000] [id=16700]

Threads with active compile tasks:
C2 CompilerThread0   6137 8150       4       org.jetbrains.kotlin.types.KotlinType::equals (56 bytes)
C2 CompilerThread1   6137 8108       4       org.jetbrains.kotlin.resolve.lazy.descriptors.AbstractLazyMemberScope::getDeclaredFunctions (276 bytes)

VM state:not at safepoint (normal execution)

VM Mutex/Monitor currently owned by a thread: None

Heap address: 0x0000000081e00000, size: 2018 MB, Compressed Oops mode: 32-bit
Narrow klass base: 0x0000000000000000, Narrow klass shift: 3
Compressed class space size: 1073741824 Address: 0x0000000100000000

Heap:
 garbage-first heap   total 191488K, used 83492K [0x0000000081e00000, 0x0000000100000000)
  region size 1024K, 34 young (34816K), 5 survivors (5120K)
 Metaspace       used 62372K, capacity 63120K, committed 63392K, reserved 1105920K
  class space    used 7098K, capacity 7405K, committed 7500K, reserved 1048576K
Heap Regions: E=young(eden), S=young(survivor), O=old, HS=humongous(starts), HC=humongous(continues), CS=collection set, F=free, A=archive, TAMS=top-at-mark-start (previous, next)
|   0|0x0000000081e00000, 0x0000000081f00000, 0x0000000081f00000|100%|HS|  |TAMS 0x0000000081f00000, 0x0000000081e00000| Complete 
|   1|0x0000000081f00000, 0x0000000082000000, 0x0000000082000000|100%|HC|  |TAMS 0x0000000082000000, 0x0000000081f00000| Complete 
|   2|0x0000000082000000, 0x0000000082100000, 0x0000000082100000|100%|HC|  |TAMS 0x0000000082100000, 0x0000000082000000| Complete 
|   3|0x0000000082100000, 0x0000000082200000, 0x0000000082200000|100%|HS|  |TAMS 0x0000000082200000, 0x0000000082100000| Complete 
|   4|0x0000000082200000, 0x0000000082300000, 0x0000000082300000|100%|HC|  |TAMS 0x0000000082300000, 0x0000000082200000| Complete 
|   5|0x0000000082300000, 0x0000000082400000, 0x0000000082400000|100%|HC|  |TAMS 0x0000000082400000, 0x0000000082300000| Complete 
|   6|0x0000000082400000, 0x0000000082500000, 0x0000000082500000|100%|HS|  |TAMS 0x0000000082500000, 0x0000000082400000| Complete 
|   7|0x0000000082500000, 0x0000000082600000, 0x0000000082600000|100%|HC|  |TAMS 0x0000000082600000, 0x0000000082500000| Complete 
|   8|0x0000000082600000, 0x0000000082700000, 0x0000000082700000|100%|HC|  |TAMS 0x0000000082700000, 0x0000000082600000| Complete 
|   9|0x0000000082700000, 0x0000000082800000, 0x0000000082800000|100%| O|  |TAMS 0x0000000082800000, 0x0000000082700000| Untracked 
|  10|0x0000000082800000, 0x0000000082900000, 0x0000000082900000|100%| O|  |TAMS 0x0000000082900000, 0x0000000082800000| Untracked 
|  11|0x0000000082900000, 0x0000000082a00000, 0x0000000082a00000|100%| O|  |TAMS 0x0000000082a00000, 0x0000000082900000| Untracked 
|  12|0x0000000082a00000, 0x0000000082b00000, 0x0000000082b00000|100%| O|  |TAMS 0x0000000082b00000, 0x0000000082a00000| Untracked 
|  13|0x0000000082b00000, 0x0000000082c00000, 0x0000000082c00000|100%|HS|  |TAMS 0x0000000082c00000, 0x0000000082b00000| Complete 
|  14|0x0000000082c00000, 0x0000000082d00000, 0x0000000082d00000|100%|HC|  |TAMS 0x0000000082d00000, 0x0000000082c00000| Complete 
|  15|0x0000000082d00000, 0x0000000082e00000, 0x0000000082e00000|100%| O|  |TAMS 0x0000000082e00000, 0x0000000082d00000| Untracked 
|  16|0x0000000082e00000, 0x0000000082f00000, 0x0000000082f00000|100%| O|  |TAMS 0x0000000082f00000, 0x0000000082e00000| Untracked 
|  17|0x0000000082f00000, 0x0000000083000000, 0x0000000083000000|100%| O|  |TAMS 0x0000000083000000, 0x0000000082f00000| Untracked 
|  18|0x0000000083000000, 0x0000000083100000, 0x0000000083100000|100%| O|  |TAMS 0x0000000083100000, 0x0000000083000000| Untracked 
|  19|0x0000000083100000, 0x0000000083200000, 0x0000000083200000|100%| O|  |TAMS 0x0000000083200000, 0x0000000083100000| Untracked 
|  20|0x0000000083200000, 0x0000000083300000, 0x0000000083300000|100%| O|  |TAMS 0x0000000083300000, 0x0000000083200000| Untracked 
|  21|0x0000000083300000, 0x0000000083400000, 0x0000000083400000|100%| O|  |TAMS 0x0000000083400000, 0x0000000083300000| Untracked 
|  22|0x0000000083400000, 0x0000000083500000, 0x0000000083500000|100%| O|  |TAMS 0x0000000083500000, 0x0000000083400000| Untracked 
|  23|0x0000000083500000, 0x0000000083600000, 0x0000000083600000|100%| O|  |TAMS 0x0000000083600000, 0x0000000083500000| Untracked 
|  24|0x0000000083600000, 0x0000000083700000, 0x0000000083700000|100%| O|  |TAMS 0x0000000083700000, 0x0000000083600000| Untracked 
|  25|0x0000000083700000, 0x0000000083800000, 0x0000000083800000|100%| O|  |TAMS 0x0000000083800000, 0x0000000083700000| Untracked 
|  26|0x0000000083800000, 0x0000000083900000, 0x0000000083900000|100%| O|  |TAMS 0x0000000083900000, 0x0000000083800000| Untracked 
|  27|0x0000000083900000, 0x0000000083a00000, 0x0000000083a00000|100%| O|  |TAMS 0x0000000083a00000, 0x0000000083900000| Untracked 
|  28|0x0000000083a00000, 0x0000000083b00000, 0x0000000083b00000|100%| O|  |TAMS 0x0000000083b00000, 0x0000000083a00000| Untracked 
|  29|0x0000000083b00000, 0x0000000083c00000, 0x0000000083c00000|100%| O|  |TAMS 0x0000000083c00000, 0x0000000083b00000| Untracked 
|  30|0x0000000083c00000, 0x0000000083d00000, 0x0000000083d00000|100%| O|  |TAMS 0x0000000083d00000, 0x0000000083c00000| Untracked 
|  31|0x0000000083d00000, 0x0000000083e00000, 0x0000000083e00000|100%| O|  |TAMS 0x0000000083e00000, 0x0000000083d00000| Untracked 
|  32|0x0000000083e00000, 0x0000000083f00000, 0x0000000083f00000|100%| O|  |TAMS 0x0000000083f00000, 0x0000000083e00000| Untracked 
|  33|0x0000000083f00000, 0x0000000084000000, 0x0000000084000000|100%| O|  |TAMS 0x0000000084000000, 0x0000000083f00000| Untracked 
|  34|0x0000000084000000, 0x0000000084100000, 0x0000000084100000|100%| O|  |TAMS 0x0000000084100000, 0x0000000084000000| Untracked 
|  35|0x0000000084100000, 0x0000000084200000, 0x0000000084200000|100%| O|  |TAMS 0x0000000084200000, 0x0000000084100000| Untracked 
|  36|0x0000000084200000, 0x0000000084300000, 0x0000000084300000|100%| O|  |TAMS 0x0000000084300000, 0x0000000084200000| Untracked 
|  37|0x0000000084300000, 0x0000000084400000, 0x0000000084400000|100%| O|  |TAMS 0x0000000084400000, 0x0000000084300000| Untracked 
|  38|0x0000000084400000, 0x0000000084500000, 0x0000000084500000|100%| O|  |TAMS 0x0000000084500000, 0x0000000084400000| Untracked 
|  39|0x0000000084500000, 0x0000000084600000, 0x0000000084600000|100%| O|  |TAMS 0x0000000084600000, 0x0000000084500000| Untracked 
|  40|0x0000000084600000, 0x0000000084700000, 0x0000000084700000|100%| O|  |TAMS 0x0000000084700000, 0x0000000084600000| Untracked 
|  41|0x0000000084700000, 0x0000000084800000, 0x0000000084800000|100%| O|  |TAMS 0x0000000084800000, 0x0000000084700000| Untracked 
|  42|0x0000000084800000, 0x0000000084900000, 0x0000000084900000|100%| O|  |TAMS 0x0000000084900000, 0x0000000084800000| Untracked 
|  43|0x0000000084900000, 0x0000000084a00000, 0x0000000084a00000|100%| O|  |TAMS 0x0000000084a00000, 0x0000000084900000| Untracked 
|  44|0x0000000084a00000, 0x0000000084b00000, 0x0000000084b00000|100%| O|  |TAMS 0x0000000084b00000, 0x0000000084a00000| Untracked 
|  45|0x0000000084b00000, 0x0000000084c00000, 0x0000000084c00000|100%| O|  |TAMS 0x0000000084c00000, 0x0000000084b00000| Untracked 
|  46|0x0000000084c00000, 0x0000000084d00000, 0x0000000084d00000|100%| O|  |TAMS 0x0000000084d00000, 0x0000000084c00000| Untracked 
|  47|0x0000000084d00000, 0x0000000084e00000, 0x0000000084e00000|100%| O|  |TAMS 0x0000000084e00000, 0x0000000084d00000| Untracked 
|  48|0x0000000084e00000, 0x0000000084ee3400, 0x0000000084f00000| 88%| O|  |TAMS 0x0000000084ee3400, 0x0000000084e00000| Untracked 
|  49|0x0000000084f00000, 0x0000000084f00000, 0x0000000085000000|  0%| F|  |TAMS 0x0000000084f00000, 0x0000000084f00000| Untracked 
|  50|0x0000000085000000, 0x0000000085000000, 0x0000000085100000|  0%| F|  |TAMS 0x0000000085000000, 0x0000000085000000| Untracked 
|  51|0x0000000085100000, 0x0000000085100000, 0x0000000085200000|  0%| F|  |TAMS 0x0000000085100000, 0x0000000085100000| Untracked 
|  52|0x0000000085200000, 0x0000000085200000, 0x0000000085300000|  0%| F|  |TAMS 0x0000000085200000, 0x0000000085200000| Untracked 
|  53|0x0000000085300000, 0x0000000085300000, 0x0000000085400000|  0%| F|  |TAMS 0x0000000085300000, 0x0000000085300000| Untracked 
|  54|0x0000000085400000, 0x0000000085400000, 0x0000000085500000|  0%| F|  |TAMS 0x0000000085400000, 0x0000000085400000| Untracked 
|  55|0x0000000085500000, 0x0000000085500000, 0x0000000085600000|  0%| F|  |TAMS 0x0000000085500000, 0x0000000085500000| Untracked 
|  56|0x0000000085600000, 0x0000000085600000, 0x0000000085700000|  0%| F|  |TAMS 0x0000000085600000, 0x0000000085600000| Untracked 
|  57|0x0000000085700000, 0x0000000085700000, 0x0000000085800000|  0%| F|  |TAMS 0x0000000085700000, 0x0000000085700000| Untracked 
|  58|0x0000000085800000, 0x0000000085800000, 0x0000000085900000|  0%| F|  |TAMS 0x0000000085800000, 0x0000000085800000| Untracked 
|  59|0x0000000085900000, 0x0000000085900000, 0x0000000085a00000|  0%| F|  |TAMS 0x0000000085900000, 0x0000000085900000| Untracked 
|  60|0x0000000085a00000, 0x0000000085a00000, 0x0000000085b00000|  0%| F|  |TAMS 0x0000000085a00000, 0x0000000085a00000| Untracked 
|  61|0x0000000085b00000, 0x0000000085b00000, 0x0000000085c00000|  0%| F|  |TAMS 0x0000000085b00000, 0x0000000085b00000| Untracked 
|  62|0x0000000085c00000, 0x0000000085c00000, 0x0000000085d00000|  0%| F|  |TAMS 0x0000000085c00000, 0x0000000085c00000| Untracked 
|  63|0x0000000085d00000, 0x0000000085d00000, 0x0000000085e00000|  0%| F|  |TAMS 0x0000000085d00000, 0x0000000085d00000| Untracked 
|  64|0x0000000085e00000, 0x0000000085e00000, 0x0000000085f00000|  0%| F|  |TAMS 0x0000000085e00000, 0x0000000085e00000| Untracked 
|  65|0x0000000085f00000, 0x0000000085f00000, 0x0000000086000000|  0%| F|  |TAMS 0x0000000085f00000, 0x0000000085f00000| Untracked 
|  66|0x0000000086000000, 0x0000000086000000, 0x0000000086100000|  0%| F|  |TAMS 0x0000000086000000, 0x0000000086000000| Untracked 
|  67|0x0000000086100000, 0x0000000086100000, 0x0000000086200000|  0%| F|  |TAMS 0x0000000086100000, 0x0000000086100000| Untracked 
|  68|0x0000000086200000, 0x0000000086200000, 0x0000000086300000|  0%| F|  |TAMS 0x0000000086200000, 0x0000000086200000| Untracked 
|  69|0x0000000086300000, 0x0000000086300000, 0x0000000086400000|  0%| F|  |TAMS 0x0000000086300000, 0x0000000086300000| Untracked 
|  70|0x0000000086400000, 0x0000000086400000, 0x0000000086500000|  0%| F|  |TAMS 0x0000000086400000, 0x0000000086400000| Untracked 
|  71|0x0000000086500000, 0x0000000086500000, 0x0000000086600000|  0%| F|  |TAMS 0x0000000086500000, 0x0000000086500000| Untracked 
|  72|0x0000000086600000, 0x0000000086600000, 0x0000000086700000|  0%| F|  |TAMS 0x0000000086600000, 0x0000000086600000| Untracked 
|  73|0x0000000086700000, 0x0000000086700000, 0x0000000086800000|  0%| F|  |TAMS 0x0000000086700000, 0x0000000086700000| Untracked 
|  74|0x0000000086800000, 0x0000000086800000, 0x0000000086900000|  0%| F|  |TAMS 0x0000000086800000, 0x0000000086800000| Untracked 
|  75|0x0000000086900000, 0x0000000086900000, 0x0000000086a00000|  0%| F|  |TAMS 0x0000000086900000, 0x0000000086900000| Untracked 
|  76|0x0000000086a00000, 0x0000000086a00000, 0x0000000086b00000|  0%| F|  |TAMS 0x0000000086a00000, 0x0000000086a00000| Untracked 
|  77|0x0000000086b00000, 0x0000000086b00000, 0x0000000086c00000|  0%| F|  |TAMS 0x0000000086b00000, 0x0000000086b00000| Untracked 
|  78|0x0000000086c00000, 0x0000000086c00000, 0x0000000086d00000|  0%| F|  |TAMS 0x0000000086c00000, 0x0000000086c00000| Untracked 
|  79|0x0000000086d00000, 0x0000000086d00000, 0x0000000086e00000|  0%| F|  |TAMS 0x0000000086d00000, 0x0000000086d00000| Untracked 
|  80|0x0000000086e00000, 0x0000000086e00000, 0x0000000086f00000|  0%| F|  |TAMS 0x0000000086e00000, 0x0000000086e00000| Untracked 
|  81|0x0000000086f00000, 0x0000000086f00000, 0x0000000087000000|  0%| F|  |TAMS 0x0000000086f00000, 0x0000000086f00000| Untracked 
|  82|0x0000000087000000, 0x0000000087000000, 0x0000000087100000|  0%| F|  |TAMS 0x0000000087000000, 0x0000000087000000| Untracked 
|  83|0x0000000087100000, 0x0000000087100000, 0x0000000087200000|  0%| F|  |TAMS 0x0000000087100000, 0x0000000087100000| Untracked 
|  84|0x0000000087200000, 0x0000000087200000, 0x0000000087300000|  0%| F|  |TAMS 0x0000000087200000, 0x0000000087200000| Untracked 
|  85|0x0000000087300000, 0x0000000087300000, 0x0000000087400000|  0%| F|  |TAMS 0x0000000087300000, 0x0000000087300000| Untracked 
|  86|0x0000000087400000, 0x0000000087400000, 0x0000000087500000|  0%| F|  |TAMS 0x0000000087400000, 0x0000000087400000| Untracked 
|  87|0x0000000087500000, 0x0000000087500000, 0x0000000087600000|  0%| F|  |TAMS 0x0000000087500000, 0x0000000087500000| Untracked 
|  88|0x0000000087600000, 0x0000000087600000, 0x0000000087700000|  0%| F|  |TAMS 0x0000000087600000, 0x0000000087600000| Untracked 
|  89|0x0000000087700000, 0x0000000087700000, 0x0000000087800000|  0%| F|  |TAMS 0x0000000087700000, 0x0000000087700000| Untracked 
|  90|0x0000000087800000, 0x0000000087800000, 0x0000000087900000|  0%| F|  |TAMS 0x0000000087800000, 0x0000000087800000| Untracked 
|  91|0x0000000087900000, 0x0000000087900000, 0x0000000087a00000|  0%| F|  |TAMS 0x0000000087900000, 0x0000000087900000| Untracked 
|  92|0x0000000087a00000, 0x0000000087a00000, 0x0000000087b00000|  0%| F|  |TAMS 0x0000000087a00000, 0x0000000087a00000| Untracked 
|  93|0x0000000087b00000, 0x0000000087b00000, 0x0000000087c00000|  0%| F|  |TAMS 0x0000000087b00000, 0x0000000087b00000| Untracked 
|  94|0x0000000087c00000, 0x0000000087c00000, 0x0000000087d00000|  0%| F|  |TAMS 0x0000000087c00000, 0x0000000087c00000| Untracked 
|  95|0x0000000087d00000, 0x0000000087d00000, 0x0000000087e00000|  0%| F|  |TAMS 0x0000000087d00000, 0x0000000087d00000| Untracked 
|  96|0x0000000087e00000, 0x0000000087e00000, 0x0000000087f00000|  0%| F|  |TAMS 0x0000000087e00000, 0x0000000087e00000| Untracked 
|  97|0x0000000087f00000, 0x0000000087f00000, 0x0000000088000000|  0%| F|  |TAMS 0x0000000087f00000, 0x0000000087f00000| Untracked 
|  98|0x0000000088000000, 0x0000000088000000, 0x0000000088100000|  0%| F|  |TAMS 0x0000000088000000, 0x0000000088000000| Untracked 
|  99|0x0000000088100000, 0x0000000088100000, 0x0000000088200000|  0%| F|  |TAMS 0x0000000088100000, 0x0000000088100000| Untracked 
| 100|0x0000000088200000, 0x0000000088200000, 0x0000000088300000|  0%| F|  |TAMS 0x0000000088200000, 0x0000000088200000| Untracked 
| 101|0x0000000088300000, 0x0000000088300000, 0x0000000088400000|  0%| F|  |TAMS 0x0000000088300000, 0x0000000088300000| Untracked 
| 102|0x0000000088400000, 0x0000000088400000, 0x0000000088500000|  0%| F|  |TAMS 0x0000000088400000, 0x0000000088400000| Untracked 
| 103|0x0000000088500000, 0x0000000088500000, 0x0000000088600000|  0%| F|  |TAMS 0x0000000088500000, 0x0000000088500000| Untracked 
| 104|0x0000000088600000, 0x0000000088600000, 0x0000000088700000|  0%| F|  |TAMS 0x0000000088600000, 0x0000000088600000| Untracked 
| 105|0x0000000088700000, 0x0000000088700000, 0x0000000088800000|  0%| F|  |TAMS 0x0000000088700000, 0x0000000088700000| Untracked 
| 106|0x0000000088800000, 0x0000000088800000, 0x0000000088900000|  0%| F|  |TAMS 0x0000000088800000, 0x0000000088800000| Untracked 
| 107|0x0000000088900000, 0x0000000088900000, 0x0000000088a00000|  0%| F|  |TAMS 0x0000000088900000, 0x0000000088900000| Untracked 
| 108|0x0000000088a00000, 0x0000000088a00000, 0x0000000088b00000|  0%| F|  |TAMS 0x0000000088a00000, 0x0000000088a00000| Untracked 
| 109|0x0000000088b00000, 0x0000000088b00000, 0x0000000088c00000|  0%| F|  |TAMS 0x0000000088b00000, 0x0000000088b00000| Untracked 
| 110|0x0000000088c00000, 0x0000000088c00000, 0x0000000088d00000|  0%| F|  |TAMS 0x0000000088c00000, 0x0000000088c00000| Untracked 
| 111|0x0000000088d00000, 0x0000000088d00000, 0x0000000088e00000|  0%| F|  |TAMS 0x0000000088d00000, 0x0000000088d00000| Untracked 
| 112|0x0000000088e00000, 0x0000000088e00000, 0x0000000088f00000|  0%| F|  |TAMS 0x0000000088e00000, 0x0000000088e00000| Untracked 
| 113|0x0000000088f00000, 0x0000000088f00000, 0x0000000089000000|  0%| F|  |TAMS 0x0000000088f00000, 0x0000000088f00000| Untracked 
| 114|0x0000000089000000, 0x0000000089000000, 0x0000000089100000|  0%| F|  |TAMS 0x0000000089000000, 0x0000000089000000| Untracked 
| 115|0x0000000089100000, 0x0000000089100000, 0x0000000089200000|  0%| F|  |TAMS 0x0000000089100000, 0x0000000089100000| Untracked 
| 116|0x0000000089200000, 0x0000000089200000, 0x0000000089300000|  0%| F|  |TAMS 0x0000000089200000, 0x0000000089200000| Untracked 
| 117|0x0000000089300000, 0x0000000089300000, 0x0000000089400000|  0%| F|  |TAMS 0x0000000089300000, 0x0000000089300000| Untracked 
| 118|0x0000000089400000, 0x0000000089400000, 0x0000000089500000|  0%| F|  |TAMS 0x0000000089400000, 0x0000000089400000| Untracked 
| 119|0x0000000089500000, 0x0000000089500000, 0x0000000089600000|  0%| F|  |TAMS 0x0000000089500000, 0x0000000089500000| Untracked 
| 120|0x0000000089600000, 0x0000000089600000, 0x0000000089700000|  0%| F|  |TAMS 0x0000000089600000, 0x0000000089600000| Untracked 
| 121|0x0000000089700000, 0x0000000089700000, 0x0000000089800000|  0%| F|  |TAMS 0x0000000089700000, 0x0000000089700000| Untracked 
| 122|0x0000000089800000, 0x0000000089800000, 0x0000000089900000|  0%| F|  |TAMS 0x0000000089800000, 0x0000000089800000| Untracked 
| 123|0x0000000089900000, 0x0000000089900000, 0x0000000089a00000|  0%| F|  |TAMS 0x0000000089900000, 0x0000000089900000| Untracked 
| 124|0x0000000089a00000, 0x0000000089a00000, 0x0000000089b00000|  0%| F|  |TAMS 0x0000000089a00000, 0x0000000089a00000| Untracked 
| 125|0x0000000089b00000, 0x0000000089b00000, 0x0000000089c00000|  0%| F|  |TAMS 0x0000000089b00000, 0x0000000089b00000| Untracked 
| 126|0x0000000089c00000, 0x0000000089c00000, 0x0000000089d00000|  0%| F|  |TAMS 0x0000000089c00000, 0x0000000089c00000| Untracked 
| 127|0x0000000089d00000, 0x0000000089d00000, 0x0000000089e00000|  0%| F|  |TAMS 0x0000000089d00000, 0x0000000089d00000| Untracked 
| 128|0x0000000089e00000, 0x0000000089e00000, 0x0000000089f00000|  0%| F|  |TAMS 0x0000000089e00000, 0x0000000089e00000| Untracked 
| 129|0x0000000089f00000, 0x0000000089f00000, 0x000000008a000000|  0%| F|  |TAMS 0x0000000089f00000, 0x0000000089f00000| Untracked 
| 130|0x000000008a000000, 0x000000008a000000, 0x000000008a100000|  0%| F|  |TAMS 0x000000008a000000, 0x000000008a000000| Untracked 
| 131|0x000000008a100000, 0x000000008a100000, 0x000000008a200000|  0%| F|  |TAMS 0x000000008a100000, 0x000000008a100000| Untracked 
| 132|0x000000008a200000, 0x000000008a200000, 0x000000008a300000|  0%| F|  |TAMS 0x000000008a200000, 0x000000008a200000| Untracked 
| 133|0x000000008a300000, 0x000000008a300000, 0x000000008a400000|  0%| F|  |TAMS 0x000000008a300000, 0x000000008a300000| Untracked 
| 134|0x000000008a400000, 0x000000008a400000, 0x000000008a500000|  0%| F|  |TAMS 0x000000008a400000, 0x000000008a400000| Untracked 
| 135|0x000000008a500000, 0x000000008a500000, 0x000000008a600000|  0%| F|  |TAMS 0x000000008a500000, 0x000000008a500000| Untracked 
| 136|0x000000008a600000, 0x000000008a600000, 0x000000008a700000|  0%| F|  |TAMS 0x000000008a600000, 0x000000008a600000| Untracked 
| 137|0x000000008a700000, 0x000000008a700000, 0x000000008a800000|  0%| F|  |TAMS 0x000000008a700000, 0x000000008a700000| Untracked 
| 138|0x000000008a800000, 0x000000008a800000, 0x000000008a900000|  0%| F|  |TAMS 0x000000008a800000, 0x000000008a800000| Untracked 
| 139|0x000000008a900000, 0x000000008a900000, 0x000000008aa00000|  0%| F|  |TAMS 0x000000008a900000, 0x000000008a900000| Untracked 
| 140|0x000000008aa00000, 0x000000008aa00000, 0x000000008ab00000|  0%| F|  |TAMS 0x000000008aa00000, 0x000000008aa00000| Untracked 
| 141|0x000000008ab00000, 0x000000008ab00000, 0x000000008ac00000|  0%| F|  |TAMS 0x000000008ab00000, 0x000000008ab00000| Untracked 
| 142|0x000000008ac00000, 0x000000008ac00000, 0x000000008ad00000|  0%| F|  |TAMS 0x000000008ac00000, 0x000000008ac00000| Untracked 
| 143|0x000000008ad00000, 0x000000008ad00000, 0x000000008ae00000|  0%| F|  |TAMS 0x000000008ad00000, 0x000000008ad00000| Untracked 
| 144|0x000000008ae00000, 0x000000008ae00000, 0x000000008af00000|  0%| F|  |TAMS 0x000000008ae00000, 0x000000008ae00000| Untracked 
| 145|0x000000008af00000, 0x000000008af00000, 0x000000008b000000|  0%| F|  |TAMS 0x000000008af00000, 0x000000008af00000| Untracked 
| 146|0x000000008b000000, 0x000000008b000000, 0x000000008b100000|  0%| F|  |TAMS 0x000000008b000000, 0x000000008b000000| Untracked 
| 147|0x000000008b100000, 0x000000008b100000, 0x000000008b200000|  0%| F|  |TAMS 0x000000008b100000, 0x000000008b100000| Untracked 
| 148|0x000000008b200000, 0x000000008b200000, 0x000000008b300000|  0%| F|  |TAMS 0x000000008b200000, 0x000000008b200000| Untracked 
| 149|0x000000008b300000, 0x000000008b300000, 0x000000008b400000|  0%| F|  |TAMS 0x000000008b300000, 0x000000008b300000| Untracked 
| 150|0x000000008b400000, 0x000000008b400000, 0x000000008b500000|  0%| F|  |TAMS 0x000000008b400000, 0x000000008b400000| Untracked 
| 151|0x000000008b500000, 0x000000008b500000, 0x000000008b600000|  0%| F|  |TAMS 0x000000008b500000, 0x000000008b500000| Untracked 
| 152|0x000000008b600000, 0x000000008b600000, 0x000000008b700000|  0%| F|  |TAMS 0x000000008b600000, 0x000000008b600000| Untracked 
| 153|0x000000008b700000, 0x000000008b800000, 0x000000008b800000|100%| E|  |TAMS 0x000000008b700000, 0x000000008b700000| Complete 
| 154|0x000000008b800000, 0x000000008b900000, 0x000000008b900000|100%| E|CS|TAMS 0x000000008b800000, 0x000000008b800000| Complete 
| 155|0x000000008b900000, 0x000000008ba00000, 0x000000008ba00000|100%| E|CS|TAMS 0x000000008b900000, 0x000000008b900000| Complete 
| 156|0x000000008ba00000, 0x000000008bb00000, 0x000000008bb00000|100%| E|CS|TAMS 0x000000008ba00000, 0x000000008ba00000| Complete 
| 157|0x000000008bb00000, 0x000000008bc00000, 0x000000008bc00000|100%| E|CS|TAMS 0x000000008bb00000, 0x000000008bb00000| Complete 
| 158|0x000000008bc00000, 0x000000008bd00000, 0x000000008bd00000|100%| E|CS|TAMS 0x000000008bc00000, 0x000000008bc00000| Complete 
| 159|0x000000008bd00000, 0x000000008be00000, 0x000000008be00000|100%| E|CS|TAMS 0x000000008bd00000, 0x000000008bd00000| Complete 
| 160|0x000000008be00000, 0x000000008bf00000, 0x000000008bf00000|100%| E|CS|TAMS 0x000000008be00000, 0x000000008be00000| Complete 
| 161|0x000000008bf00000, 0x000000008c000000, 0x000000008c000000|100%| E|CS|TAMS 0x000000008bf00000, 0x000000008bf00000| Complete 
| 162|0x000000008c000000, 0x000000008c100000, 0x000000008c100000|100%| E|CS|TAMS 0x000000008c000000, 0x000000008c000000| Complete 
| 163|0x000000008c100000, 0x000000008c200000, 0x000000008c200000|100%| E|CS|TAMS 0x000000008c100000, 0x000000008c100000| Complete 
| 164|0x000000008c200000, 0x000000008c300000, 0x000000008c300000|100%| E|CS|TAMS 0x000000008c200000, 0x000000008c200000| Complete 
| 165|0x000000008c300000, 0x000000008c400000, 0x000000008c400000|100%| E|CS|TAMS 0x000000008c300000, 0x000000008c300000| Complete 
| 166|0x000000008c400000, 0x000000008c500000, 0x000000008c500000|100%| E|CS|TAMS 0x000000008c400000, 0x000000008c400000| Complete 
| 167|0x000000008c500000, 0x000000008c600000, 0x000000008c600000|100%| E|CS|TAMS 0x000000008c500000, 0x000000008c500000| Complete 
| 168|0x000000008c600000, 0x000000008c700000, 0x000000008c700000|100%| E|CS|TAMS 0x000000008c600000, 0x000000008c600000| Complete 
| 169|0x000000008c700000, 0x000000008c800000, 0x000000008c800000|100%| E|CS|TAMS 0x000000008c700000, 0x000000008c700000| Complete 
| 170|0x000000008c800000, 0x000000008c900000, 0x000000008c900000|100%| E|CS|TAMS 0x000000008c800000, 0x000000008c800000| Complete 
| 171|0x000000008c900000, 0x000000008ca00000, 0x000000008ca00000|100%| E|CS|TAMS 0x000000008c900000, 0x000000008c900000| Complete 
| 172|0x000000008ca00000, 0x000000008cb00000, 0x000000008cb00000|100%| E|CS|TAMS 0x000000008ca00000, 0x000000008ca00000| Complete 
| 173|0x000000008cb00000, 0x000000008cc00000, 0x000000008cc00000|100%| E|CS|TAMS 0x000000008cb00000, 0x000000008cb00000| Complete 
| 174|0x000000008cc00000, 0x000000008cca5c20, 0x000000008cd00000| 64%| S|CS|TAMS 0x000000008cc00000, 0x000000008cc00000| Complete 
| 175|0x000000008cd00000, 0x000000008ce00000, 0x000000008ce00000|100%| S|CS|TAMS 0x000000008cd00000, 0x000000008cd00000| Complete 
| 176|0x000000008ce00000, 0x000000008cf00000, 0x000000008cf00000|100%| S|CS|TAMS 0x000000008ce00000, 0x000000008ce00000| Complete 
| 177|0x000000008cf00000, 0x000000008d000000, 0x000000008d000000|100%| S|CS|TAMS 0x000000008cf00000, 0x000000008cf00000| Complete 
| 178|0x000000008d000000, 0x000000008d100000, 0x000000008d100000|100%| S|CS|TAMS 0x000000008d000000, 0x000000008d000000| Complete 
| 179|0x000000008d100000, 0x000000008d200000, 0x000000008d200000|100%| E|CS|TAMS 0x000000008d100000, 0x000000008d100000| Complete 
| 180|0x000000008d200000, 0x000000008d300000, 0x000000008d300000|100%| E|CS|TAMS 0x000000008d200000, 0x000000008d200000| Complete 
| 181|0x000000008d300000, 0x000000008d400000, 0x000000008d400000|100%| E|CS|TAMS 0x000000008d300000, 0x000000008d300000| Complete 
| 182|0x000000008d400000, 0x000000008d500000, 0x000000008d500000|100%| E|CS|TAMS 0x000000008d400000, 0x000000008d400000| Complete 
| 183|0x000000008d500000, 0x000000008d600000, 0x000000008d600000|100%| E|CS|TAMS 0x000000008d500000, 0x000000008d500000| Complete 
| 184|0x000000008d600000, 0x000000008d700000, 0x000000008d700000|100%| E|CS|TAMS 0x000000008d600000, 0x000000008d600000| Complete 
| 185|0x000000008d700000, 0x000000008d800000, 0x000000008d800000|100%| E|CS|TAMS 0x000000008d700000, 0x000000008d700000| Complete 
| 186|0x000000008d800000, 0x000000008d900000, 0x000000008d900000|100%| E|CS|TAMS 0x000000008d800000, 0x000000008d800000| Complete 

Card table byte_map: [0x00000202706a0000,0x0000020270aa0000] _byte_map_base: 0x0000020270291000

Marking Bits (Prev, Next): (CMBitMap*) 0x000002025d4ac350, (CMBitMap*) 0x000002025d4ac318
 Prev Bits: [0x0000020272e30000, 0x0000020274db8000)
 Next Bits: [0x0000020270ea0000, 0x0000020272e28000)

Polling page: 0x000002025b3f0000

Metaspace:

Usage:
  Non-class:     54.47 MB capacity,    54.00 MB (>99%) used,   376.50 KB ( <1%) free+waste,   103.69 KB ( <1%) overhead. 
      Class:      7.23 MB capacity,     6.93 MB ( 96%) used,   258.98 KB (  3%) free+waste,    44.81 KB ( <1%) overhead. 
       Both:     61.70 MB capacity,    60.94 MB ( 99%) used,   635.48 KB (  1%) free+waste,   148.50 KB ( <1%) overhead. 

Virtual space:
  Non-class space:       56.00 MB reserved,      54.58 MB ( 97%) committed 
      Class space:        1.00 GB reserved,       7.32 MB ( <1%) committed 
             Both:        1.05 GB reserved,      61.91 MB (  6%) committed 

Chunk freelists:
   Non-Class:  49.00 KB
       Class:  19.00 KB
        Both:  68.00 KB

MaxMetaspaceSize: 17179869184.00 GB
CompressedClassSpaceSize: 1.00 GB

CodeHeap 'non-profiled nmethods': size=120000Kb used=3616Kb max_used=3616Kb free=116383Kb
 bounds [0x0000020268a40000, 0x0000020268dd0000, 0x000002026ff70000]
CodeHeap 'profiled nmethods': size=120000Kb used=21522Kb max_used=21522Kb free=98477Kb
 bounds [0x0000020261510000, 0x0000020262a20000, 0x0000020268a40000]
CodeHeap 'non-nmethods': size=5760Kb used=1217Kb max_used=1270Kb free=4542Kb
 bounds [0x0000020260f70000, 0x00000202611e0000, 0x0000020261510000]
 total_blobs=8659 nmethods=8086 adapters=482
 compilation: enabled
              stopped_count=0, restarted_count=0
 full_count=0

Compilation events (20 events):
Event: 6.093 Thread 0x0000020277845000 8147       3       org.jetbrains.kotlin.resolve.calls.model.ResolvedCallAtom::<init> (6 bytes)
Event: 6.093 Thread 0x0000020277845000 nmethod 8147 0x0000020262a0b890 code [0x0000020262a0ba60, 0x0000020262a0bc78]
Event: 6.093 Thread 0x0000020277845000 8139       1       org.jetbrains.kotlin.serialization.deserialization.descriptors.DeserializedClassDescriptor::getModality (5 bytes)
Event: 6.093 Thread 0x0000020277845000 nmethod 8139 0x0000020268dc5710 code [0x0000020268dc58c0, 0x0000020268dc5978]
Event: 6.093 Thread 0x0000020277845000 8138       3       org.jetbrains.kotlin.types.typeUtil.TypeUtilsKt::expandIntersectionTypeIfNecessary (165 bytes)
Event: 6.096 Thread 0x0000020277845000 nmethod 8138 0x0000020262a0bd90 code [0x0000020262a0c2e0, 0x0000020262a0ec38]
Event: 6.098 Thread 0x0000020277845000 8152       3       org.jetbrains.kotlin.resolve.scopes.SubpackagesImportingScope::recordLookup (22 bytes)
Event: 6.099 Thread 0x0000020277845000 nmethod 8152 0x0000020262a0fa90 code [0x0000020262a0fec0, 0x0000020262a117e8]
Event: 6.099 Thread 0x0000020277845000 8153       3       org.jetbrains.kotlin.types.checker.SimpleClassicTypeSystemContext::asCapturedType (6 bytes)
Event: 6.099 Thread 0x0000020277845000 nmethod 8153 0x0000020262a12090 code [0x0000020262a12240, 0x0000020262a12368]
Event: 6.099 Thread 0x0000020277845000 8155       3       org.jetbrains.kotlin.config.JvmAnalysisFlags::getJvmDefaultMode (15 bytes)
Event: 6.099 Thread 0x0000020277845000 nmethod 8155 0x0000020262a12410 code [0x0000020262a12640, 0x0000020262a12c58]
Event: 6.099 Thread 0x0000020277845000 8156       3       org.jetbrains.kotlin.psi.psiUtil.PsiUtilsKt::getParentsWithSelf (17 bytes)
Event: 6.099 Thread 0x0000020277845000 nmethod 8156 0x0000020262a12f10 code [0x0000020262a13140, 0x0000020262a136c8]
Event: 6.099 Thread 0x0000020277845000 8157       3       org.jetbrains.kotlin.resolve.ObservableBindingTrace::getBindingContext (18 bytes)
Event: 6.100 Thread 0x0000020277845000 nmethod 8157 0x0000020262a13910 code [0x0000020262a13ae0, 0x0000020262a13d18]
Event: 6.112 Thread 0x0000020277843000 nmethod 8126 0x0000020268dc5a10 code [0x0000020268dc5ce0, 0x0000020268dc6d90]
Event: 6.112 Thread 0x0000020277843000 8150       4       org.jetbrains.kotlin.types.KotlinType::equals (56 bytes)
Event: 6.125 Thread 0x0000020277845000 8158       3       kotlin.collections.EmptySet::toArray (5 bytes)
Event: 6.125 Thread 0x0000020277845000 nmethod 8158 0x0000020262a13e10 code [0x0000020262a13fc0, 0x0000020262a140e8]

GC Heap History (20 events):
Event: 0.500 GC heap before
{Heap before GC invocations=0 (full 0):
 garbage-first heap   total 131072K, used 27648K [0x0000000081e00000, 0x0000000100000000)
  region size 1024K, 24 young (24576K), 0 survivors (0K)
 Metaspace       used 12304K, capacity 12341K, committed 12544K, reserved 1060864K
  class space    used 1157K, capacity 1174K, committed 1280K, reserved 1048576K
}
Event: 0.502 GC heap after
{Heap after GC invocations=1 (full 0):
 garbage-first heap   total 131072K, used 5808K [0x0000000081e00000, 0x0000000100000000)
  region size 1024K, 3 young (3072K), 3 survivors (3072K)
 Metaspace       used 12304K, capacity 12341K, committed 12544K, reserved 1060864K
  class space    used 1157K, capacity 1174K, committed 1280K, reserved 1048576K
}
Event: 1.101 GC heap before
{Heap before GC invocations=1 (full 0):
 garbage-first heap   total 131072K, used 42672K [0x0000000081e00000, 0x0000000100000000)
  region size 1024K, 40 young (40960K), 3 survivors (3072K)
 Metaspace       used 20985K, capacity 21148K, committed 21248K, reserved 1069056K
  class space    used 2215K, capacity 2278K, committed 2304K, reserved 1048576K
}
Event: 1.109 GC heap after
{Heap after GC invocations=2 (full 0):
 garbage-first heap   total 131072K, used 9540K [0x0000000081e00000, 0x0000000100000000)
  region size 1024K, 7 young (7168K), 7 survivors (7168K)
 Metaspace       used 20985K, capacity 21148K, committed 21248K, reserved 1069056K
  class space    used 2215K, capacity 2278K, committed 2304K, reserved 1048576K
}
Event: 1.923 GC heap before
{Heap before GC invocations=3 (full 0):
 garbage-first heap   total 131072K, used 73028K [0x0000000081e00000, 0x0000000100000000)
  region size 1024K, 57 young (58368K), 7 survivors (7168K)
 Metaspace       used 31870K, capacity 32307K, committed 32640K, reserved 1077248K
  class space    used 3953K, capacity 4114K, committed 4224K, reserved 1048576K
}
Event: 1.935 GC heap after
{Heap after GC invocations=4 (full 0):
 garbage-first heap   total 131072K, used 24022K [0x0000000081e00000, 0x0000000100000000)
  region size 1024K, 8 young (8192K), 8 survivors (8192K)
 Metaspace       used 31870K, capacity 32307K, committed 32640K, reserved 1077248K
  class space    used 3953K, capacity 4114K, committed 4224K, reserved 1048576K
}
Event: 2.179 GC heap before
{Heap before GC invocations=4 (full 0):
 garbage-first heap   total 131072K, used 39382K [0x0000000081e00000, 0x0000000100000000)
  region size 1024K, 24 young (24576K), 8 survivors (8192K)
 Metaspace       used 35057K, capacity 35487K, committed 35628K, reserved 1081344K
  class space    used 4296K, capacity 4470K, committed 4480K, reserved 1048576K
}
Event: 2.194 GC heap after
{Heap after GC invocations=5 (full 0):
 garbage-first heap   total 131072K, used 23689K [0x0000000081e00000, 0x0000000100000000)
  region size 1024K, 2 young (2048K), 2 survivors (2048K)
 Metaspace       used 35057K, capacity 35487K, committed 35628K, reserved 1081344K
  class space    used 4296K, capacity 4470K, committed 4480K, reserved 1048576K
}
Event: 2.955 GC heap before
{Heap before GC invocations=6 (full 0):
 garbage-first heap   total 131072K, used 69769K [0x0000000081e00000, 0x0000000100000000)
  region size 1024K, 47 young (48128K), 2 survivors (2048K)
 Metaspace       used 45062K, capacity 45487K, committed 45688K, reserved 1089536K
  class space    used 5310K, capacity 5472K, committed 5580K, reserved 1048576K
}
Event: 2.962 GC heap after
{Heap after GC invocations=7 (full 0):
 garbage-first heap   total 157696K, used 27451K [0x0000000081e00000, 0x0000000100000000)
  region size 1024K, 6 young (6144K), 6 survivors (6144K)
 Metaspace       used 45062K, capacity 45487K, committed 45688K, reserved 1089536K
  class space    used 5310K, capacity 5472K, committed 5580K, reserved 1048576K
}
Event: 3.519 GC heap before
{Heap before GC invocations=7 (full 0):
 garbage-first heap   total 157696K, used 87867K [0x0000000081e00000, 0x0000000100000000)
  region size 1024K, 62 young (63488K), 6 survivors (6144K)
 Metaspace       used 48801K, capacity 49346K, committed 49656K, reserved 1093632K
  class space    used 5651K, capacity 5852K, committed 5964K, reserved 1048576K
}
Event: 3.532 GC heap after
{Heap after GC invocations=8 (full 0):
 garbage-first heap   total 157696K, used 36377K [0x0000000081e00000, 0x0000000100000000)
  region size 1024K, 7 young (7168K), 7 survivors (7168K)
 Metaspace       used 48801K, capacity 49346K, committed 49656K, reserved 1093632K
  class space    used 5651K, capacity 5852K, committed 5964K, reserved 1048576K
}
Event: 4.437 GC heap before
{Heap before GC invocations=8 (full 0):
 garbage-first heap   total 157696K, used 95769K [0x0000000081e00000, 0x0000000100000000)
  region size 1024K, 65 young (66560K), 7 survivors (7168K)
 Metaspace       used 53733K, capacity 54269K, committed 54392K, reserved 1097728K
  class space    used 6072K, capacity 6294K, committed 6348K, reserved 1048576K
}
Event: 4.456 GC heap after
{Heap after GC invocations=9 (full 0):
 garbage-first heap   total 157696K, used 45918K [0x0000000081e00000, 0x0000000100000000)
  region size 1024K, 9 young (9216K), 9 survivors (9216K)
 Metaspace       used 53733K, capacity 54269K, committed 54392K, reserved 1097728K
  class space    used 6072K, capacity 6294K, committed 6348K, reserved 1048576K
}
Event: 4.705 GC heap before
{Heap before GC invocations=9 (full 0):
 garbage-first heap   total 157696K, used 104286K [0x0000000081e00000, 0x0000000100000000)
  region size 1024K, 66 young (67584K), 9 survivors (9216K)
 Metaspace       used 54045K, capacity 54703K, committed 54904K, reserved 1097728K
  class space    used 6093K, capacity 6332K, committed 6348K, reserved 1048576K
}
Event: 4.724 GC heap after
{Heap after GC invocations=10 (full 0):
 garbage-first heap   total 157696K, used 50176K [0x0000000081e00000, 0x0000000100000000)
  region size 1024K, 4 young (4096K), 4 survivors (4096K)
 Metaspace       used 54045K, capacity 54703K, committed 54904K, reserved 1097728K
  class space    used 6093K, capacity 6332K, committed 6348K, reserved 1048576K
}
Event: 5.233 GC heap before
{Heap before GC invocations=10 (full 0):
 garbage-first heap   total 157696K, used 108544K [0x0000000081e00000, 0x0000000100000000)
  region size 1024K, 61 young (62464K), 4 survivors (4096K)
 Metaspace       used 57198K, capacity 57826K, committed 58104K, reserved 1101824K
  class space    used 6449K, capacity 6689K, committed 6732K, reserved 1048576K
}
Event: 5.244 GC heap after
{Heap after GC invocations=11 (full 0):
 garbage-first heap   total 191488K, used 53890K [0x0000000081e00000, 0x0000000100000000)
  region size 1024K, 8 young (8192K), 8 survivors (8192K)
 Metaspace       used 57198K, capacity 57826K, committed 58104K, reserved 1101824K
  class space    used 6449K, capacity 6689K, committed 6732K, reserved 1048576K
}
Event: 5.448 GC heap before
{Heap before GC invocations=11 (full 0):
 garbage-first heap   total 191488K, used 61058K [0x0000000081e00000, 0x0000000100000000)
  region size 1024K, 16 young (16384K), 8 survivors (8192K)
 Metaspace       used 59137K, capacity 59768K, committed 59936K, reserved 1101824K
  class space    used 6774K, capacity 7040K, committed 7116K, reserved 1048576K
}
Event: 5.456 GC heap after
{Heap after GC invocations=12 (full 0):
 garbage-first heap   total 191488K, used 54820K [0x0000000081e00000, 0x0000000100000000)
  region size 1024K, 5 young (5120K), 5 survivors (5120K)
 Metaspace       used 59137K, capacity 59768K, committed 59936K, reserved 1101824K
  class space    used 6774K, capacity 7040K, committed 7116K, reserved 1048576K
}

Deoptimization events (20 events):
Event: 6.067 Thread 0x000002025d46b800 Uncommon trap: trap_request=0xffffffde fr.pc=0x0000020268d45f64 relative=0x00000000000000a4
Event: 6.067 Thread 0x000002025d46b800 Uncommon trap: reason=class_check action=maybe_recompile pc=0x0000020268d45f64 method=org.jetbrains.kotlin.resolve.lazy.descriptors.LazyClassMemberScope.recordLookup(Lorg/jetbrains/kotlin/name/Name;Lorg/jetbrains/kotlin/incremental/components/LookupLocati
Event: 6.067 Thread 0x000002025d46b800 DEOPT PACKING pc=0x0000020268d45f64 sp=0x0000000e12fface0
Event: 6.067 Thread 0x000002025d46b800 DEOPT UNPACKING pc=0x0000020260f9662f sp=0x0000000e12ffac78 mode 2
Event: 6.067 Thread 0x000002025d46b800 Uncommon trap: trap_request=0xffffffde fr.pc=0x0000020268d45f64 relative=0x00000000000000a4
Event: 6.067 Thread 0x000002025d46b800 Uncommon trap: reason=class_check action=maybe_recompile pc=0x0000020268d45f64 method=org.jetbrains.kotlin.resolve.lazy.descriptors.LazyClassMemberScope.recordLookup(Lorg/jetbrains/kotlin/name/Name;Lorg/jetbrains/kotlin/incremental/components/LookupLocati
Event: 6.067 Thread 0x000002025d46b800 DEOPT PACKING pc=0x0000020268d45f64 sp=0x0000000e12ffad00
Event: 6.067 Thread 0x000002025d46b800 DEOPT UNPACKING pc=0x0000020260f9662f sp=0x0000000e12ffac98 mode 2
Event: 6.071 Thread 0x000002025d46b800 Uncommon trap: trap_request=0xffffffde fr.pc=0x0000020268db3684 relative=0x0000000000000944
Event: 6.071 Thread 0x000002025d46b800 Uncommon trap: reason=class_check action=maybe_recompile pc=0x0000020268db3684 method=org.jetbrains.kotlin.resolve.scopes.LazyScopeAdapter.getWorkerScope()Lorg/jetbrains/kotlin/resolve/scopes/MemberScope; @ 9 c2
Event: 6.071 Thread 0x000002025d46b800 DEOPT PACKING pc=0x0000020268db3684 sp=0x0000000e12ff6b10
Event: 6.071 Thread 0x000002025d46b800 DEOPT UNPACKING pc=0x0000020260f9662f sp=0x0000000e12ff6a98 mode 2
Event: 6.077 Thread 0x000002025d46b800 Uncommon trap: trap_request=0xfffffff4 fr.pc=0x0000020268c7b708 relative=0x0000000000001388
Event: 6.077 Thread 0x000002025d46b800 Uncommon trap: reason=null_check action=make_not_entrant pc=0x0000020268c7b708 method=org.jetbrains.kotlin.types.KotlinType.equals(Ljava/lang/Object;)Z @ 8 c2
Event: 6.077 Thread 0x000002025d46b800 DEOPT PACKING pc=0x0000020268c7b708 sp=0x0000000e12ff72a0
Event: 6.077 Thread 0x000002025d46b800 DEOPT UNPACKING pc=0x0000020260f9662f sp=0x0000000e12ff7290 mode 2
Event: 6.124 Thread 0x000002025d46b800 Uncommon trap: trap_request=0xffffff4d fr.pc=0x0000020268a9ad4c relative=0x000000000000020c
Event: 6.124 Thread 0x000002025d46b800 Uncommon trap: reason=unstable_if action=reinterpret pc=0x0000020268a9ad4c method=java.util.HashMap.hash(Ljava/lang/Object;)I @ 1 c2
Event: 6.124 Thread 0x000002025d46b800 DEOPT PACKING pc=0x0000020268a9ad4c sp=0x0000000e12ffa110
Event: 6.124 Thread 0x000002025d46b800 DEOPT UNPACKING pc=0x0000020260f9662f sp=0x0000000e12ffa048 mode 2

Classes redefined (0 events):
No events

Internal exceptions (20 events):
Event: 2.836 Thread 0x000002025d46b800 Exception <a 'java/lang/NoSuchMethodError'{0x00000000876a6728}: 'java.lang.Object java.lang.invoke.DirectMethodHandle$Holder.invokeSpecial(java.lang.Object, java.lang.Object, java.lang.Object, java.lang.Object, int)'> (0x00000000876a6728) thrown at [./src/hotspot/share/interpreter/linkResolver.cpp, line 773]
Event: 2.836 Thread 0x000002025d46b800 Exception <a 'java/lang/NoSuchMethodError'{0x00000000876a9a38}: 'java.lang.Object java.lang.invoke.Invokers$Holder.linkToTargetMethod(java.lang.Object, java.lang.Object, int, java.lang.Object)'> (0x00000000876a9a38) thrown at [./src/hotspot/share/interpreter/linkResolver.cpp, line 773]
Event: 3.493 Thread 0x000002025d46b800 Exception <a 'java/lang/NoSuchMethodError'{0x0000000088478158}: 'java.lang.Object java.lang.invoke.DirectMethodHandle$Holder.invokeSpecial(java.lang.Object, java.lang.Object, java.lang.Object, java.lang.Object, java.lang.Object, java.lang.Object, java.lang.Object, java.lang.Object, java.lang.Object)'> (0x0000000088478158) thrown at [./src/hotspot/share/interpreter/linkResolver.cpp, line 773]
Event: 3.493 Thread 0x000002025d46b800 Exception <a 'java/lang/NoSuchMethodError'{0x000000008847c350}: 'java.lang.Object java.lang.invoke.Invokers$Holder.linkToTargetMethod(java.lang.Object, java.lang.Object, java.lang.Object, java.lang.Object, java.lang.Object, java.lang.Object, java.lang.Object, java.lang.Object)'> (0x000000008847c350) thrown at [./src/hotspot/share/interpreter/linkResolver.cpp, line 773]
Event: 3.813 Thread 0x000002025d46b800 Exception <a 'java/lang/NoSuchMethodError'{0x000000008a640600}: 'int java.lang.invoke.DirectMethodHandle$Holder.invokeInterface(java.lang.Object, java.lang.Object)'> (0x000000008a640600) thrown at [./src/hotspot/share/interpreter/linkResolver.cpp, line 773]
Event: 3.885 Thread 0x000002025d46b800 Exception <a 'java/lang/NoSuchMethodError'{0x000000008a2936e8}: 'java.lang.Object java.lang.invoke.DirectMethodHandle$Holder.invokeStaticInit(java.lang.Object, java.lang.Object, java.lang.Object)'> (0x000000008a2936e8) thrown at [./src/hotspot/share/interpreter/linkResolver.cpp, line 773]
Event: 4.488 Thread 0x000002025d46b800 Exception <a 'java/lang/NoSuchMethodError'{0x000000008b37ff40}: 'java.lang.Object java.lang.invoke.DirectMethodHandle$Holder.invokeStatic(java.lang.Object, int, java.lang.Object, java.lang.Object)'> (0x000000008b37ff40) thrown at [./src/hotspot/share/interpreter/linkResolver.cpp, line 773]
Event: 4.802 Thread 0x000002025d46b800 Exception <a 'java/lang/NoSuchMethodError'{0x0000000089453678}: 'java.lang.Object java.lang.invoke.Invokers$Holder.linkToTargetMethod(java.lang.Object, java.lang.Object, java.lang.Object, int, int, java.lang.Object)'> (0x0000000089453678) thrown at [./src/hotspot/share/interpreter/linkResolver.cpp, line 773]
Event: 4.813 Thread 0x000002025d46b800 Exception <a 'java/lang/NoSuchMethodError'{0x00000000894c6090}: 'java.lang.Object java.lang.invoke.Invokers$Holder.linkToTargetMethod(java.lang.Object, java.lang.Object, java.lang.Object, java.lang.Object, java.lang.Object, java.lang.Object)'> (0x00000000894c6090) thrown at [./src/hotspot/share/interpreter/linkResolver.cpp, line 773]
Event: 4.927 Thread 0x000002025d46b800 Implicit null exception at 0x0000020268b67c4c to 0x0000020268b67d28
Event: 5.000 Thread 0x000002025d46b800 Exception <a 'java/lang/NoSuchMethodError'{0x000000008890ea48}: 'java.lang.Object java.lang.invoke.Invokers$Holder.linkToTargetMethod(java.lang.Object, java.lang.Object, java.lang.Object, java.lang.Object, java.lang.Object, java.lang.Object, java.lang.Object)'> (0x000000008890ea48) thrown at [./src/hotspot/share/interpreter/linkResolver.cpp, line 773]
Event: 5.113 Thread 0x000002025d46b800 Exception <a 'java/lang/NoSuchMethodError'{0x00000000883b0200}: 'java.lang.Object java.lang.invoke.DirectMethodHandle$Holder.invokeInterface(java.lang.Object, java.lang.Object, java.lang.Object)'> (0x00000000883b0200) thrown at [./src/hotspot/share/interpreter/linkResolver.cpp, line 773]
Event: 5.113 Thread 0x000002025d46b800 Exception <a 'java/lang/IncompatibleClassChangeError'{0x00000000883b3430}: Found class java.lang.Object, but interface was expected> (0x00000000883b3430) thrown at [./src/hotspot/share/interpreter/linkResolver.cpp, line 839]
Event: 5.145 Thread 0x000002025d46b800 Exception <a 'java/lang/NoSuchMethodError'{0x0000000088266590}: 'int java.lang.invoke.DirectMethodHandle$Holder.invokeStaticInit(java.lang.Object, int)'> (0x0000000088266590) thrown at [./src/hotspot/share/interpreter/linkResolver.cpp, line 773]
Event: 5.362 Thread 0x000002025d46b800 Exception <a 'java/lang/NoSuchMethodError'{0x000000008d40d878}: 'int java.lang.invoke.DirectMethodHandle$Holder.invokeVirtual(java.lang.Object, java.lang.Object, java.lang.Object)'> (0x000000008d40d878) thrown at [./src/hotspot/share/interpreter/linkResolver.cpp, line 773]
Event: 5.472 Thread 0x000002025d46b800 Exception <a 'java/lang/NoSuchMethodError'{0x000000008d88a470}: 'java.lang.Object java.lang.invoke.DirectMethodHandle$Holder.invokeSpecial(java.lang.Object, java.lang.Object, java.lang.Object, java.lang.Object, java.lang.Object, int)'> (0x000000008d88a470) thrown at [./src/hotspot/share/interpreter/linkResolver.cpp, line 773]
Event: 5.472 Thread 0x000002025d46b800 Exception <a 'java/lang/NoSuchMethodError'{0x000000008d88e2b8}: 'java.lang.Object java.lang.invoke.Invokers$Holder.linkToTargetMethod(java.lang.Object, java.lang.Object, java.lang.Object, int, java.lang.Object)'> (0x000000008d88e2b8) thrown at [./src/hotspot/share/interpreter/linkResolver.cpp, line 773]
Event: 5.559 Thread 0x000002025d46b800 Exception <a 'java/lang/IncompatibleClassChangeError'{0x000000008d457218}: Found class java.lang.Object, but interface was expected> (0x000000008d457218) thrown at [./src/hotspot/share/interpreter/linkResolver.cpp, line 839]
Event: 6.077 Thread 0x000002025d46b800 Implicit null exception at 0x0000020268c7a3bf to 0x0000020268c7b6fc
Event: 6.124 Thread 0x000002025d46b800 Implicit null exception at 0x0000020268a9ab75 to 0x0000020268a9ad3c

Events (20 events):
Event: 6.123 loading class org/jetbrains/kotlin/cfg/pseudocode/PseudoValue
Event: 6.123 loading class org/jetbrains/kotlin/cfg/pseudocode/PseudoValue done
Event: 6.123 loading class org/jetbrains/kotlin/cfg/pseudocode/instructions/eval/ReadValueInstruction
Event: 6.123 loading class org/jetbrains/kotlin/cfg/pseudocode/instructions/eval/ReadValueInstruction done
Event: 6.123 loading class org/jetbrains/kotlin/cfg/pseudocode/instructions/eval/AccessValueInstruction
Event: 6.123 loading class org/jetbrains/kotlin/cfg/pseudocode/instructions/eval/AccessValueInstruction done
Event: 6.124 loading class org/jetbrains/kotlin/cfg/pseudocode/instructions/eval/InstructionWithReceivers
Event: 6.124 loading class org/jetbrains/kotlin/cfg/pseudocode/instructions/eval/InstructionWithReceivers done
Event: 6.124 loading class org/jetbrains/kotlin/cfg/pseudocode/instructions/eval/AccessTarget$Declaration
Event: 6.124 loading class org/jetbrains/kotlin/cfg/pseudocode/instructions/eval/AccessTarget$Declaration done
Event: 6.124 loading class org/jetbrains/kotlin/cfg/pseudocode/instructions/eval/AccessTarget
Event: 6.124 loading class org/jetbrains/kotlin/cfg/pseudocode/instructions/eval/AccessTarget done
Event: 6.124 loading class org/jetbrains/kotlin/cfg/pseudocode/instructions/eval/WriteValueInstruction
Event: 6.124 loading class org/jetbrains/kotlin/cfg/pseudocode/instructions/eval/WriteValueInstruction done
Event: 6.125 loading class org/jetbrains/kotlin/cfg/pseudocode/instructions/special/MarkInstruction
Event: 6.125 loading class org/jetbrains/kotlin/cfg/pseudocode/instructions/special/MarkInstruction done
Event: 6.125 loading class org/jetbrains/kotlin/cfg/ControlFlowProcessor$CFPVisitor$getDeferredValue$1
Event: 6.125 loading class org/jetbrains/kotlin/cfg/ControlFlowProcessor$CFPVisitor$getDeferredValue$1 done
Event: 6.126 loading class org/jetbrains/kotlin/cfg/pseudocode/instructions/eval/AccessTarget$BlackBox
Event: 6.126 loading class org/jetbrains/kotlin/cfg/pseudocode/instructions/eval/AccessTarget$BlackBox done


Dynamic libraries:
0x00007ff738430000 - 0x00007ff73843a000 	E:\Android\Android Studio\jre\bin\java.exe
0x00007ffe79af0000 - 0x00007ffe79ce5000 	C:\WINDOWS\SYSTEM32\ntdll.dll
0x00007ffe78320000 - 0x00007ffe783de000 	C:\WINDOWS\System32\KERNEL32.DLL
0x00007ffe775f0000 - 0x00007ffe778b8000 	C:\WINDOWS\System32\KERNELBASE.dll
0x00007ffe77250000 - 0x00007ffe77350000 	C:\WINDOWS\System32\ucrtbase.dll
0x00007ffe63a80000 - 0x00007ffe63a99000 	E:\Android\Android Studio\jre\bin\jli.dll
0x00007ffe63560000 - 0x00007ffe63577000 	E:\Android\Android Studio\jre\bin\VCRUNTIME140.dll
0x00007ffe79860000 - 0x00007ffe79a00000 	C:\WINDOWS\System32\USER32.dll
0x00007ffe778c0000 - 0x00007ffe778e2000 	C:\WINDOWS\System32\win32u.dll
0x00007ffe57360000 - 0x00007ffe575fa000 	C:\WINDOWS\WinSxS\amd64_microsoft.windows.common-controls_6595b64144ccf1df_6.0.19041.1110_none_60b5254171f9507e\COMCTL32.dll
0x00007ffe78000000 - 0x00007ffe7802b000 	C:\WINDOWS\System32\GDI32.dll
0x00007ffe78050000 - 0x00007ffe780ee000 	C:\WINDOWS\System32\msvcrt.dll
0x00007ffe77a30000 - 0x00007ffe77b3d000 	C:\WINDOWS\System32\gdi32full.dll
0x00007ffe778f0000 - 0x00007ffe7798d000 	C:\WINDOWS\System32\msvcp_win.dll
0x00007ffe78220000 - 0x00007ffe78250000 	C:\WINDOWS\System32\IMM32.DLL
0x00007ffe2b000000 - 0x00007ffe2b09d000 	E:\Android\Android Studio\jre\bin\msvcp140.dll
0x00007ffe17bc0000 - 0x00007ffe18695000 	E:\Android\Android Studio\jre\bin\server\jvm.dll
0x00007ffe79a00000 - 0x00007ffe79aae000 	C:\WINDOWS\System32\ADVAPI32.dll
0x00007ffe79690000 - 0x00007ffe7972c000 	C:\WINDOWS\System32\sechost.dll
0x00007ffe780f0000 - 0x00007ffe78215000 	C:\WINDOWS\System32\RPCRT4.dll
0x00007ffe78450000 - 0x00007ffe78458000 	C:\WINDOWS\System32\PSAPI.DLL
0x00007ffe572c0000 - 0x00007ffe572e7000 	C:\WINDOWS\SYSTEM32\WINMM.dll
0x00007ffe6bb30000 - 0x00007ffe6bb39000 	C:\WINDOWS\SYSTEM32\WSOCK32.dll
0x00007ffe6c360000 - 0x00007ffe6c36a000 	C:\WINDOWS\SYSTEM32\VERSION.dll
0x00007ffe782b0000 - 0x00007ffe7831b000 	C:\WINDOWS\System32\WS2_32.dll
0x00007ffe75a80000 - 0x00007ffe75a92000 	C:\WINDOWS\SYSTEM32\kernel.appcore.dll
0x00007ffe64400000 - 0x00007ffe64411000 	E:\Android\Android Studio\jre\bin\verify.dll
0x00007ffe75000000 - 0x00007ffe751e4000 	C:\WINDOWS\SYSTEM32\DBGHELP.DLL
0x00007ffe5bb40000 - 0x00007ffe5bb6c000 	C:\WINDOWS\SYSTEM32\dbgcore.DLL
0x00007ffe774b0000 - 0x00007ffe77532000 	C:\WINDOWS\System32\bcryptPrimitives.dll
0x00007ffe63680000 - 0x00007ffe636a9000 	E:\Android\Android Studio\jre\bin\java.dll
0x00007ffe64050000 - 0x00007ffe6405b000 	E:\Android\Android Studio\jre\bin\jimage.dll
0x00007ffe63660000 - 0x00007ffe63678000 	E:\Android\Android Studio\jre\bin\zip.dll
0x00007ffe78460000 - 0x00007ffe78ba4000 	C:\WINDOWS\System32\SHELL32.dll
0x00007ffe752d0000 - 0x00007ffe75a64000 	C:\WINDOWS\SYSTEM32\windows.storage.dll
0x00007ffe79330000 - 0x00007ffe79685000 	C:\WINDOWS\System32\combase.dll
0x00007ffe76b80000 - 0x00007ffe76bae000 	C:\WINDOWS\SYSTEM32\Wldp.dll
0x00007ffe78bb0000 - 0x00007ffe78c5d000 	C:\WINDOWS\System32\SHCORE.dll
0x00007ffe78250000 - 0x00007ffe782a5000 	C:\WINDOWS\System32\shlwapi.dll
0x00007ffe77140000 - 0x00007ffe7715f000 	C:\WINDOWS\SYSTEM32\profapi.dll
0x00007ffe63520000 - 0x00007ffe6353a000 	E:\Android\Android Studio\jre\bin\net.dll
0x00007ffe645e0000 - 0x00007ffe646ec000 	C:\WINDOWS\SYSTEM32\WINHTTP.dll
0x00007ffe768e0000 - 0x00007ffe7694a000 	C:\WINDOWS\system32\mswsock.dll
0x00007ffe63500000 - 0x00007ffe63514000 	E:\Android\Android Studio\jre\bin\nio.dll

dbghelp: loaded successfully - version: 4.0.5 - missing functions: none
symbol engine: initialized successfully - sym options: 0x614 - pdb path: .;E:\Android\Android Studio\jre\bin;C:\WINDOWS\SYSTEM32;C:\WINDOWS\WinSxS\amd64_microsoft.windows.common-controls_6595b64144ccf1df_6.0.19041.1110_none_60b5254171f9507e;E:\Android\Android Studio\jre\bin\server

VM Arguments:
java_command: org.jetbrains.kotlin.cli.jvm.K2JVMCompiler @E:\Android\GoodBook\app\build\20220517_16631114740862883980.compiler.options
java_class_path (initial): C:\Users\Admin\.gradle\caches\modules-2\files-2.1\org.jetbrains.kotlin\kotlin-compiler-embeddable\1.5.30\3362a354066df1578a057c200da23cf2a1d8144f\kotlin-compiler-embeddable-1.5.30.jar;C:\Users\Admin\.gradle\caches\modules-2\files-2.1\org.jetbrains.kotlin\kotlin-reflect\1.5.30\6773e974437dd6432aa646cc2f8ab71de42b5773\kotlin-reflect-1.5.30.jar;C:\Users\Admin\.gradle\caches\modules-2\files-2.1\org.jetbrains.kotlin\kotlin-stdlib\1.5.30\d68efdea04955974ac1020f8f66ef8176bfbce1f\kotlin-stdlib-1.5.30.jar;C:\Users\Admin\.gradle\caches\modules-2\files-2.1\org.jetbrains.kotlin\kotlin-script-runtime\1.5.30\10697ab20bfd2f1b23baa91306950c36c4e89a8d\kotlin-script-runtime-1.5.30.jar;C:\Users\Admin\.gradle\caches\modules-2\files-2.1\org.jetbrains.kotlin\kotlin-daemon-embeddable\1.5.30\e355dc9011e559a475608265607948109e113ae0\kotlin-daemon-embeddable-1.5.30.jar;C:\Users\Admin\.gradle\caches\modules-2\files-2.1\org.jetbrains.intellij.deps\trove4j\1.0.20181211\216c2e14b070f334479d800987affe4054cd563f\trove4j-1.0.20181211.jar;C:\Users\Admin\.gradle\caches\modules-2\files-2.1\org.jetbrains\annotations\13.0\919f0dfe192fb4e063e7dacadee7f8bb9a2672a9\annotations-13.0.jar;C:\Users\Admin\.gradle\caches\modules-2\files-2.1\org.jetbrains.kotlin\kotlin-stdlib-common\1.5.30\649ffab7767038323fec0cc41e2d7b0a8f65a378\kotlin-stdlib-common-1.5.30.jar
Launcher Type: SUN_STANDARD

[Global flags]
     intx CICompilerCount                          = 4                                         {product} {ergonomic}
     uint ConcGCThreads                            = 2                                         {product} {ergonomic}
     uint G1ConcRefinementThreads                  = 8                                         {product} {ergonomic}
   size_t G1HeapRegionSize                         = 1048576                                   {product} {ergonomic}
    uintx GCDrainStackTargetSize                   = 64                                        {product} {ergonomic}
   size_t InitialHeapSize                          = 134217728                                 {product} {ergonomic}
   size_t MarkStackSize                            = 4194304                                   {product} {ergonomic}
   size_t MaxHeapSize                              = 2116026368                                {product} {ergonomic}
   size_t MaxNewSize                               = 1268776960                                {product} {ergonomic}
   size_t MinHeapDeltaBytes                        = 1048576                                   {product} {ergonomic}
    uintx NonNMethodCodeHeapSize                   = 5836300                                {pd product} {ergonomic}
    uintx NonProfiledCodeHeapSize                  = 122910970                              {pd product} {ergonomic}
    uintx ProfiledCodeHeapSize                     = 122910970                              {pd product} {ergonomic}
    uintx ReservedCodeCacheSize                    = 251658240                              {pd product} {ergonomic}
     bool SegmentedCodeCache                       = true                                      {product} {ergonomic}
     bool UseCompressedClassPointers               = true                                 {lp64_product} {ergonomic}
     bool UseCompressedOops                        = true                                 {lp64_product} {ergonomic}
     bool UseG1GC                                  = true                                      {product} {ergonomic}
     bool UseLargePagesIndividualAllocation        = false                                  {pd product} {ergonomic}

Logging:
Log output configuration:
 #0: stdout all=warning uptime,level,tags
 #1: stderr all=off uptime,level,tags

Environment Variables:
JAVA_HOME=C:\Program Files\Java\jdk1.8.0_271
PATH=C:\Program Files\Common Files\Oracle\Java\javapath;C:\Program Files (x86)\Common Files\Oracle\Java\javapath;C:\Program Files\Java\jdk1.8.0_271\bin;C:\Program Files\Java\jdk1.8.0_271\bin;C:\Windows\system32;C:\Windows;C:\Windows\System32\Wbem;C:\Windows\System32\WindowsPowerShell\v1.0\;C:\Windows\System32\OpenSSH\;C:\Program Files (x86)\Intel\Intel(R) Management Engine Components\DAL;C:\Program Files\Intel\Intel(R) Management Engine Components\DAL;C:\Program Files\Microsoft SQL Server\Client SDK\ODBC\170\Tools\Binn\;C:\Program Files (x86)\Microsoft SQL Server\150\Tools\Binn\;C:\Program Files\Microsoft SQL Server\150\Tools\Binn\;C:\Program Files\Microsoft SQL Server\150\DTS\Binn\;C:\Users\Admin\AppData\Local\Microsoft\WindowsApps;C:\Program Files (x86)\Dev-Cpp\MinGW64\bin;C:\Program Files\JetBrains\IntelliJ IDEA Community Edition 2020.2.3\bin;C:\WINDOWS\system32;C:\WINDOWS;C:\WINDOWS\System32\Wbem;C:\WINDOWS\System32\WindowsPowerShell\v1.0\;C:\WINDOWS\System32\OpenSSH\;C:\Program Files\Git\cmd;C:\xampp\php;C:\composer;C:\Program Files\nodejs\;C:\Program Files (x86)\Windows Kits\10\Windows Performance Toolkit\;C:\Program Files\dotnet\;C:\Users\Admin\AppData\Local\Microsoft\WindowsApps;C:\Program Files (x86)\Dev-Cpp\MinGW64\bin;C:\Program Files\JetBrains\IntelliJ IDEA Community Edition 2020.2.3\bin;;C:\Users\Admin\AppData\Local\Programs\Microsoft VS Code\bin;C:\Users\Admin\AppData\Roaming\Composer\vendor\bin;C:\Users\Admin\AppData\Roaming\npm
USERNAME=Admin
OS=Windows_NT
PROCESSOR_IDENTIFIER=Intel64 Family 6 Model 142 Stepping 12, GenuineIntel



---------------  S Y S T E M  ---------------

OS: Windows 10 , 64 bit Build 19041 (10.0.19041.1503)
OS uptime: 3 days 10:18 hours

CPU:total 8 (initial active 8) (4 cores per cpu, 2 threads per core) family 6 model 142 stepping 12 microcode 0xea, cmov, cx8, fxsr, mmx, sse, sse2, sse3, ssse3, sse4.1, sse4.2, popcnt, avx, avx2, aes, clmul, erms, 3dnowpref, lzcnt, ht, tsc, tscinvbit, bmi1, bmi2, adx, fma

Memory: 4k page, system-wide physical 8068M (401M free)
TotalPageFile size 17741M (AvailPageFile size 1M)
current process WorkingSet (physical memory assigned to process): 345M, peak: 347M
current process commit charge ("private bytes"): 399M, peak: 404M

vm_info: OpenJDK 64-Bit Server VM (11.0.11+9-b60-7590822) for windows-amd64 JRE (11.0.11+9-b60-7590822), built on Jul 29 2021 21:43:44 by "builder" with MS VC++ 14.0 (VS2015)

END.
