#
# There is insufficient memory for the Java Runtime Environment to continue.
# Native memory allocation (mmap) failed to map 70254592 bytes for Failed to commit area from 0x000000008c400000 to 0x0000000090700000 of length 70254592.
# Possible reasons:
#   The system is out of physical RAM or swap space
#   The process is running with CompressedOops enabled, and the Java Heap may be blocking the growth of the native heap
# Possible solutions:
#   Reduce memory load on the system
#   Increase physical memory or swap space
#   Check if swap backing store is full
#   Decrease Java heap size (-Xmx/-Xms)
#   Decrease number of Java threads
#   Decrease Java thread stack sizes (-Xss)
#   Set larger code cache with -XX:ReservedCodeCacheSize=
#   JVM is running with Unscaled Compressed Oops mode in which the Java heap is
#     placed in the first 4GB address space. The Java Heap base address is the
#     maximum limit for the native heap growth. Please use -XX:HeapBaseMinAddress
#     to set the Java Heap base and to place the Java Heap above 4GB virtual address.
# This output file may be truncated or incomplete.
#
#  Out of Memory Error (./src/hotspot/os/windows/os_windows.cpp:3301), pid=10188, tid=15112
#
# JRE version: OpenJDK Runtime Environment (11.0.11+9) (build 11.0.11+9-b60-7590822)
# Java VM: OpenJDK 64-Bit Server VM (11.0.11+9-b60-7590822, mixed mode, tiered, compressed oops, g1 gc, windows-amd64)
# No core dump will be written. Minidumps are not enabled by default on client versions of Windows
#

---------------  S U M M A R Y ------------

Command Line: org.jetbrains.kotlin.cli.jvm.K2JVMCompiler @E:\Android\GoodBook\app\build\20220517_1271921866742875007.compiler.options

Host: Intel(R) Core(TM) i7-8565U CPU @ 1.80GHz, 8 cores, 7G,  Windows 10 , 64 bit Build 19041 (10.0.19041.1503)
Time: Tue May 17 20:53:23 2022 SE Asia Standard Time elapsed time: 5.131131 seconds (0d 0h 0m 5s)

---------------  T H R E A D  ---------------

Current thread (0x000001f97f4d8800):  VMThread "VM Thread" [stack: 0x0000004c69400000,0x0000004c69500000] [id=15112]

Stack: [0x0000004c69400000,0x0000004c69500000]
[error occurred during error reporting (printing stack bounds), id 0xc0000005, EXCEPTION_ACCESS_VIOLATION (0xc0000005) at pc=0x000001f903a20f2d]

Native frames: (J=compiled Java code, j=interpreted, Vv=VM code, C=native code)
V  [jvm.dll+0x5f214a]
V  [jvm.dll+0x726fb5]
V  [jvm.dll+0x7285cd]
V  [jvm.dll+0x728be5]
V  [jvm.dll+0x728b9b]
V  [jvm.dll+0x5f14e8]
V  [jvm.dll+0x5f1c78]
C  [ntdll.dll+0xa20cf]
C  [ntdll.dll+0x51454]
C  [ntdll.dll+0xa0bfe]
C  0x000001f903a20f2d

VM_Operation (0x0000004c68ef77d0): CollectForMetadataAllocation, mode: safepoint, requested by thread 0x000001f97da9e000


---------------  P R O C E S S  ---------------

Threads class SMR info:
_java_thread_list=0x000001f918af2c30, length=12, elements={
0x000001f97da9e000, 0x000001f97f4fc800, 0x000001f97f505000, 0x000001f918987800,
0x000001f91898a000, 0x000001f91898d000, 0x000001f918990000, 0x000001f97f513800,
0x000001f97f514800, 0x000001f918afd000, 0x000001f918af6000, 0x000001f918af5000
}

Java Threads: ( => current thread )
  0x000001f97da9e000 JavaThread "main" [_thread_blocked, id=19008, stack(0x0000004c68e00000,0x0000004c68f00000)]
  0x000001f97f4fc800 JavaThread "Reference Handler" daemon [_thread_blocked, id=19784, stack(0x0000004c69500000,0x0000004c69600000)]
  0x000001f97f505000 JavaThread "Finalizer" daemon [_thread_blocked, id=21092, stack(0x0000004c69600000,0x0000004c69700000)]
  0x000001f918987800 JavaThread "Signal Dispatcher" daemon [_thread_blocked, id=1508, stack(0x0000004c69700000,0x0000004c69800000)]
  0x000001f91898a000 JavaThread "Attach Listener" daemon [_thread_blocked, id=3096, stack(0x0000004c69800000,0x0000004c69900000)]
  0x000001f91898d000 JavaThread "Service Thread" daemon [_thread_blocked, id=14708, stack(0x0000004c69900000,0x0000004c69a00000)]
  0x000001f918990000 JavaThread "C2 CompilerThread0" daemon [_thread_blocked, id=19860, stack(0x0000004c69a00000,0x0000004c69b00000)]
  0x000001f97f513800 JavaThread "C1 CompilerThread0" daemon [_thread_blocked, id=1168, stack(0x0000004c69b00000,0x0000004c69c00000)]
  0x000001f97f514800 JavaThread "Sweeper thread" daemon [_thread_blocked, id=11420, stack(0x0000004c69c00000,0x0000004c69d00000)]
  0x000001f918afd000 JavaThread "Common-Cleaner" daemon [_thread_blocked, id=18964, stack(0x0000004c69e00000,0x0000004c69f00000)]
  0x000001f918af6000 JavaThread "C2 CompilerThread1" daemon [_thread_blocked, id=20460, stack(0x0000004c69f00000,0x0000004c6a000000)]
  0x000001f918af5000 JavaThread "C2 CompilerThread2" daemon [_thread_blocked, id=13900, stack(0x0000004c6a000000,0x0000004c6a100000)]

Other Threads:
=>0x000001f97f4d8800 VMThread "VM Thread" [stack: 0x0000004c69400000,0x0000004c69500000] [id=15112]
  0x000001f918aef800 WatcherThread [stack: 0x0000004c69d00000,0x0000004c69e00000] [id=17172]
  0x000001f97dab4000 GCTaskThread "GC Thread#0" [stack: 0x0000004c68f00000,0x0000004c69000000] [id=20396]
  0x000001f91914c800 GCTaskThread "GC Thread#1" [stack: 0x0000004c6a100000,0x0000004c6a200000] [id=7420]
  0x000001f91915b800 GCTaskThread "GC Thread#2" [stack: 0x0000004c6a200000,0x0000004c6a300000] [id=15420]
  0x000001f97dae3800 ConcurrentGCThread "G1 Main Marker" [stack: 0x0000004c69000000,0x0000004c69100000] [id=2636]
  0x000001f97dae5000 ConcurrentGCThread "G1 Conc#0" [stack: 0x0000004c69100000,0x0000004c69200000] [id=16556]
  0x000001f919274000 ConcurrentGCThread "G1 Conc#1" [stack: 0x0000004c6a300000,0x0000004c6a400000] [id=16596]
  0x000001f97f340800 ConcurrentGCThread "G1 Refine#0" [stack: 0x0000004c69200000,0x0000004c69300000] [id=19504]
  0x000001f919ba3000 ConcurrentGCThread "G1 Refine#1" [stack: 0x0000004c6a400000,0x0000004c6a500000] [id=2856]
  0x000001f97f341800 ConcurrentGCThread "G1 Young RemSet Sampling" [stack: 0x0000004c69300000,0x0000004c69400000] [id=16300]

Threads with active compile tasks:
C2 CompilerThread1   5134 7016       4       org.jetbrains.org.objectweb.asm.ClassReader::readMethod (1061 bytes)
C2 CompilerThread2   5134 6971       4       org.jetbrains.kotlin.descriptors.impl.FunctionDescriptorImpl::doSubstitute (848 bytes)

VM state:at safepoint (normal execution)

VM Mutex/Monitor currently owned by a thread:  ([mutex/lock_event])
[0x000001f97da9be50] Threads_lock - owner thread: 0x000001f97f4d8800
[0x000001f97da9ce10] Heap_lock - owner thread: 0x000001f97da9e000

Heap address: 0x0000000081e00000, size: 2018 MB, Compressed Oops mode: 32-bit
Narrow klass base: 0x0000000000000000, Narrow klass shift: 3
Compressed class space size: 1073741824 Address: 0x0000000100000000

Heap:
 garbage-first heap   total 238592K, used 54550K [0x0000000081e00000, 0x0000000100000000)
  region size 1024K, 7 young (7168K), 7 survivors (7168K)
 Metaspace       used 59123K, capacity 59800K, committed 59904K, reserved 1101824K
  class space    used 6777K, capacity 7072K, committed 7168K, reserved 1048576K
Heap Regions: E=young(eden), S=young(survivor), O=old, HS=humongous(starts), HC=humongous(continues), CS=collection set, F=free, A=archive, TAMS=top-at-mark-start (previous, next)
|   0|0x0000000081e00000, 0x0000000081f00000, 0x0000000081f00000|100%|HS|  |TAMS 0x0000000081f00000, 0x0000000081f00000| Complete 
|   1|0x0000000081f00000, 0x0000000082000000, 0x0000000082000000|100%|HC|  |TAMS 0x0000000082000000, 0x0000000082000000| Complete 
|   2|0x0000000082000000, 0x0000000082100000, 0x0000000082100000|100%|HC|  |TAMS 0x0000000082100000, 0x0000000082100000| Complete 
|   3|0x0000000082100000, 0x0000000082200000, 0x0000000082200000|100%|HS|  |TAMS 0x0000000082200000, 0x0000000082200000| Complete 
|   4|0x0000000082200000, 0x0000000082300000, 0x0000000082300000|100%|HC|  |TAMS 0x0000000082300000, 0x0000000082300000| Complete 
|   5|0x0000000082300000, 0x0000000082400000, 0x0000000082400000|100%|HC|  |TAMS 0x0000000082400000, 0x0000000082400000| Complete 
|   6|0x0000000082400000, 0x0000000082500000, 0x0000000082500000|100%|HS|  |TAMS 0x0000000082500000, 0x0000000082500000| Complete 
|   7|0x0000000082500000, 0x0000000082600000, 0x0000000082600000|100%|HC|  |TAMS 0x0000000082600000, 0x0000000082600000| Complete 
|   8|0x0000000082600000, 0x0000000082700000, 0x0000000082700000|100%|HC|  |TAMS 0x0000000082700000, 0x0000000082700000| Complete 
|   9|0x0000000082700000, 0x0000000082800000, 0x0000000082800000|100%| O|  |TAMS 0x0000000082800000, 0x0000000082800000| Untracked 
|  10|0x0000000082800000, 0x0000000082900000, 0x0000000082900000|100%| O|  |TAMS 0x0000000082900000, 0x0000000082900000| Untracked 
|  11|0x0000000082900000, 0x0000000082a00000, 0x0000000082a00000|100%| O|  |TAMS 0x0000000082a00000, 0x0000000082a00000| Untracked 
|  12|0x0000000082a00000, 0x0000000082b00000, 0x0000000082b00000|100%| O|  |TAMS 0x0000000082b00000, 0x0000000082b00000| Untracked 
|  13|0x0000000082b00000, 0x0000000082c00000, 0x0000000082c00000|100%|HS|  |TAMS 0x0000000082b00000, 0x0000000082c00000| Complete 
|  14|0x0000000082c00000, 0x0000000082d00000, 0x0000000082d00000|100%|HC|  |TAMS 0x0000000082c00000, 0x0000000082d00000| Complete 
|  15|0x0000000082d00000, 0x0000000082e00000, 0x0000000082e00000|100%| O|  |TAMS 0x0000000082e00000, 0x0000000082e00000| Untracked 
|  16|0x0000000082e00000, 0x0000000082f00000, 0x0000000082f00000|100%| O|  |TAMS 0x0000000082f00000, 0x0000000082f00000| Untracked 
|  17|0x0000000082f00000, 0x0000000083000000, 0x0000000083000000|100%| O|  |TAMS 0x0000000083000000, 0x0000000083000000| Untracked 
|  18|0x0000000083000000, 0x0000000083100000, 0x0000000083100000|100%| O|  |TAMS 0x0000000083100000, 0x0000000083100000| Untracked 
|  19|0x0000000083100000, 0x0000000083200000, 0x0000000083200000|100%| O|  |TAMS 0x0000000083200000, 0x0000000083200000| Untracked 
|  20|0x0000000083200000, 0x0000000083300000, 0x0000000083300000|100%| O|  |TAMS 0x0000000083300000, 0x0000000083300000| Untracked 
|  21|0x0000000083300000, 0x0000000083400000, 0x0000000083400000|100%| O|  |TAMS 0x0000000083400000, 0x0000000083400000| Untracked 
|  22|0x0000000083400000, 0x0000000083500000, 0x0000000083500000|100%| O|  |TAMS 0x0000000083500000, 0x0000000083500000| Untracked 
|  23|0x0000000083500000, 0x0000000083600000, 0x0000000083600000|100%| O|  |TAMS 0x0000000083500000, 0x0000000083600000| Untracked 
|  24|0x0000000083600000, 0x0000000083700000, 0x0000000083700000|100%| O|  |TAMS 0x0000000083600000, 0x0000000083700000| Untracked 
|  25|0x0000000083700000, 0x0000000083800000, 0x0000000083800000|100%| O|  |TAMS 0x0000000083700000, 0x0000000083800000| Untracked 
|  26|0x0000000083800000, 0x0000000083900000, 0x0000000083900000|100%| O|  |TAMS 0x0000000083800000, 0x0000000083900000| Untracked 
|  27|0x0000000083900000, 0x0000000083a00000, 0x0000000083a00000|100%| O|  |TAMS 0x0000000083900000, 0x0000000083a00000| Untracked 
|  28|0x0000000083a00000, 0x0000000083b00000, 0x0000000083b00000|100%| O|  |TAMS 0x0000000083a00000, 0x0000000083b00000| Untracked 
|  29|0x0000000083b00000, 0x0000000083c00000, 0x0000000083c00000|100%| O|  |TAMS 0x0000000083b00000, 0x0000000083c00000| Untracked 
|  30|0x0000000083c00000, 0x0000000083d00000, 0x0000000083d00000|100%| O|  |TAMS 0x0000000083c00000, 0x0000000083d00000| Untracked 
|  31|0x0000000083d00000, 0x0000000083e00000, 0x0000000083e00000|100%| O|  |TAMS 0x0000000083d00000, 0x0000000083e00000| Untracked 
|  32|0x0000000083e00000, 0x0000000083f00000, 0x0000000083f00000|100%| O|  |TAMS 0x0000000083e00000, 0x0000000083f00000| Untracked 
|  33|0x0000000083f00000, 0x0000000084000000, 0x0000000084000000|100%| O|  |TAMS 0x0000000083f00000, 0x0000000084000000| Untracked 
|  34|0x0000000084000000, 0x0000000084100000, 0x0000000084100000|100%| O|  |TAMS 0x0000000084000000, 0x0000000084100000| Untracked 
|  35|0x0000000084100000, 0x0000000084200000, 0x0000000084200000|100%| O|  |TAMS 0x0000000084100000, 0x0000000084200000| Untracked 
|  36|0x0000000084200000, 0x0000000084300000, 0x0000000084300000|100%| O|  |TAMS 0x0000000084200000, 0x0000000084300000| Untracked 
|  37|0x0000000084300000, 0x0000000084400000, 0x0000000084400000|100%| O|  |TAMS 0x0000000084300000, 0x0000000084400000| Untracked 
|  38|0x0000000084400000, 0x0000000084500000, 0x0000000084500000|100%| O|  |TAMS 0x0000000084400000, 0x0000000084500000| Untracked 
|  39|0x0000000084500000, 0x0000000084600000, 0x0000000084600000|100%| O|  |TAMS 0x0000000084500000, 0x0000000084600000| Untracked 
|  40|0x0000000084600000, 0x0000000084700000, 0x0000000084700000|100%| O|  |TAMS 0x0000000084600000, 0x0000000084700000| Untracked 
|  41|0x0000000084700000, 0x0000000084800000, 0x0000000084800000|100%| O|  |TAMS 0x0000000084700000, 0x0000000084800000| Untracked 
|  42|0x0000000084800000, 0x0000000084900000, 0x0000000084900000|100%| O|  |TAMS 0x0000000084800000, 0x0000000084900000| Untracked 
|  43|0x0000000084900000, 0x0000000084a00000, 0x0000000084a00000|100%| O|  |TAMS 0x0000000084900000, 0x0000000084a00000| Untracked 
|  44|0x0000000084a00000, 0x0000000084b00000, 0x0000000084b00000|100%| O|  |TAMS 0x0000000084a00000, 0x0000000084b00000| Untracked 
|  45|0x0000000084b00000, 0x0000000084c00000, 0x0000000084c00000|100%| O|  |TAMS 0x0000000084b00000, 0x0000000084c00000| Untracked 
|  46|0x0000000084c00000, 0x0000000084c80000, 0x0000000084d00000| 50%| O|  |TAMS 0x0000000084c00000, 0x0000000084c80000| Untracked 
|  47|0x0000000084d00000, 0x0000000084d00000, 0x0000000084e00000|  0%| F|  |TAMS 0x0000000084d00000, 0x0000000084d00000| Untracked 
|  48|0x0000000084e00000, 0x0000000084e00000, 0x0000000084f00000|  0%| F|  |TAMS 0x0000000084e00000, 0x0000000084e00000| Untracked 
|  49|0x0000000084f00000, 0x0000000084f00000, 0x0000000085000000|  0%| F|  |TAMS 0x0000000084f00000, 0x0000000084f00000| Untracked 
|  50|0x0000000085000000, 0x0000000085000000, 0x0000000085100000|  0%| F|  |TAMS 0x0000000085000000, 0x0000000085000000| Untracked 
|  51|0x0000000085100000, 0x0000000085100000, 0x0000000085200000|  0%| F|  |TAMS 0x0000000085100000, 0x0000000085100000| Untracked 
|  52|0x0000000085200000, 0x0000000085200000, 0x0000000085300000|  0%| F|  |TAMS 0x0000000085200000, 0x0000000085200000| Untracked 
|  53|0x0000000085300000, 0x0000000085300000, 0x0000000085400000|  0%| F|  |TAMS 0x0000000085300000, 0x0000000085300000| Untracked 
|  54|0x0000000085400000, 0x0000000085400000, 0x0000000085500000|  0%| F|  |TAMS 0x0000000085400000, 0x0000000085400000| Untracked 
|  55|0x0000000085500000, 0x0000000085500000, 0x0000000085600000|  0%| F|  |TAMS 0x0000000085500000, 0x0000000085500000| Untracked 
|  56|0x0000000085600000, 0x0000000085600000, 0x0000000085700000|  0%| F|  |TAMS 0x0000000085600000, 0x0000000085600000| Untracked 
|  57|0x0000000085700000, 0x0000000085700000, 0x0000000085800000|  0%| F|  |TAMS 0x0000000085700000, 0x0000000085700000| Untracked 
|  58|0x0000000085800000, 0x0000000085800000, 0x0000000085900000|  0%| F|  |TAMS 0x0000000085800000, 0x0000000085800000| Untracked 
|  59|0x0000000085900000, 0x0000000085900000, 0x0000000085a00000|  0%| F|  |TAMS 0x0000000085900000, 0x0000000085900000| Untracked 
|  60|0x0000000085a00000, 0x0000000085a00000, 0x0000000085b00000|  0%| F|  |TAMS 0x0000000085a00000, 0x0000000085a00000| Untracked 
|  61|0x0000000085b00000, 0x0000000085b00000, 0x0000000085c00000|  0%| F|  |TAMS 0x0000000085b00000, 0x0000000085b00000| Untracked 
|  62|0x0000000085c00000, 0x0000000085c00000, 0x0000000085d00000|  0%| F|  |TAMS 0x0000000085c00000, 0x0000000085c00000| Untracked 
|  63|0x0000000085d00000, 0x0000000085d00000, 0x0000000085e00000|  0%| F|  |TAMS 0x0000000085d00000, 0x0000000085d00000| Untracked 
|  64|0x0000000085e00000, 0x0000000085e00000, 0x0000000085f00000|  0%| F|  |TAMS 0x0000000085e00000, 0x0000000085e00000| Untracked 
|  65|0x0000000085f00000, 0x0000000085f00000, 0x0000000086000000|  0%| F|  |TAMS 0x0000000085f00000, 0x0000000085f00000| Untracked 
|  66|0x0000000086000000, 0x0000000086000000, 0x0000000086100000|  0%| F|  |TAMS 0x0000000086000000, 0x0000000086000000| Untracked 
|  67|0x0000000086100000, 0x0000000086100000, 0x0000000086200000|  0%| F|  |TAMS 0x0000000086100000, 0x0000000086100000| Untracked 
|  68|0x0000000086200000, 0x0000000086200000, 0x0000000086300000|  0%| F|  |TAMS 0x0000000086200000, 0x0000000086200000| Untracked 
|  69|0x0000000086300000, 0x0000000086300000, 0x0000000086400000|  0%| F|  |TAMS 0x0000000086300000, 0x0000000086300000| Untracked 
|  70|0x0000000086400000, 0x0000000086400000, 0x0000000086500000|  0%| F|  |TAMS 0x0000000086400000, 0x0000000086400000| Untracked 
|  71|0x0000000086500000, 0x0000000086500000, 0x0000000086600000|  0%| F|  |TAMS 0x0000000086500000, 0x0000000086500000| Untracked 
|  72|0x0000000086600000, 0x0000000086600000, 0x0000000086700000|  0%| F|  |TAMS 0x0000000086600000, 0x0000000086600000| Untracked 
|  73|0x0000000086700000, 0x0000000086700000, 0x0000000086800000|  0%| F|  |TAMS 0x0000000086700000, 0x0000000086700000| Untracked 
|  74|0x0000000086800000, 0x0000000086800000, 0x0000000086900000|  0%| F|  |TAMS 0x0000000086800000, 0x0000000086800000| Untracked 
|  75|0x0000000086900000, 0x0000000086900000, 0x0000000086a00000|  0%| F|  |TAMS 0x0000000086900000, 0x0000000086900000| Untracked 
|  76|0x0000000086a00000, 0x0000000086a00000, 0x0000000086b00000|  0%| F|  |TAMS 0x0000000086a00000, 0x0000000086a00000| Untracked 
|  77|0x0000000086b00000, 0x0000000086b00000, 0x0000000086c00000|  0%| F|  |TAMS 0x0000000086b00000, 0x0000000086b00000| Untracked 
|  78|0x0000000086c00000, 0x0000000086c00000, 0x0000000086d00000|  0%| F|  |TAMS 0x0000000086c00000, 0x0000000086c00000| Untracked 
|  79|0x0000000086d00000, 0x0000000086d00000, 0x0000000086e00000|  0%| F|  |TAMS 0x0000000086d00000, 0x0000000086d00000| Untracked 
|  80|0x0000000086e00000, 0x0000000086e00000, 0x0000000086f00000|  0%| F|  |TAMS 0x0000000086e00000, 0x0000000086e00000| Untracked 
|  81|0x0000000086f00000, 0x0000000086f00000, 0x0000000087000000|  0%| F|  |TAMS 0x0000000086f00000, 0x0000000086f00000| Untracked 
|  82|0x0000000087000000, 0x0000000087000000, 0x0000000087100000|  0%| F|  |TAMS 0x0000000087000000, 0x0000000087000000| Untracked 
|  83|0x0000000087100000, 0x0000000087100000, 0x0000000087200000|  0%| F|  |TAMS 0x0000000087100000, 0x0000000087100000| Untracked 
|  84|0x0000000087200000, 0x0000000087200000, 0x0000000087300000|  0%| F|  |TAMS 0x0000000087200000, 0x0000000087200000| Untracked 
|  85|0x0000000087300000, 0x0000000087300000, 0x0000000087400000|  0%| F|  |TAMS 0x0000000087300000, 0x0000000087300000| Untracked 
|  86|0x0000000087400000, 0x0000000087400000, 0x0000000087500000|  0%| F|  |TAMS 0x0000000087400000, 0x0000000087400000| Untracked 
|  87|0x0000000087500000, 0x0000000087500000, 0x0000000087600000|  0%| F|  |TAMS 0x0000000087500000, 0x0000000087500000| Untracked 
|  88|0x0000000087600000, 0x0000000087600000, 0x0000000087700000|  0%| F|  |TAMS 0x0000000087600000, 0x0000000087600000| Untracked 
|  89|0x0000000087700000, 0x0000000087700000, 0x0000000087800000|  0%| F|  |TAMS 0x0000000087700000, 0x0000000087700000| Untracked 
|  90|0x0000000087800000, 0x0000000087800000, 0x0000000087900000|  0%| F|  |TAMS 0x0000000087800000, 0x0000000087800000| Untracked 
|  91|0x0000000087900000, 0x0000000087900000, 0x0000000087a00000|  0%| F|  |TAMS 0x0000000087900000, 0x0000000087900000| Untracked 
|  92|0x0000000087a00000, 0x0000000087a00000, 0x0000000087b00000|  0%| F|  |TAMS 0x0000000087a00000, 0x0000000087a00000| Untracked 
|  93|0x0000000087b00000, 0x0000000087b00000, 0x0000000087c00000|  0%| F|  |TAMS 0x0000000087b00000, 0x0000000087b00000| Untracked 
|  94|0x0000000087c00000, 0x0000000087c00000, 0x0000000087d00000|  0%| F|  |TAMS 0x0000000087c00000, 0x0000000087c00000| Untracked 
|  95|0x0000000087d00000, 0x0000000087d00000, 0x0000000087e00000|  0%| F|  |TAMS 0x0000000087d00000, 0x0000000087d00000| Untracked 
|  96|0x0000000087e00000, 0x0000000087e00000, 0x0000000087f00000|  0%| F|  |TAMS 0x0000000087e00000, 0x0000000087e00000| Untracked 
|  97|0x0000000087f00000, 0x0000000087f00000, 0x0000000088000000|  0%| F|  |TAMS 0x0000000087f00000, 0x0000000087f00000| Untracked 
|  98|0x0000000088000000, 0x0000000088000000, 0x0000000088100000|  0%| F|  |TAMS 0x0000000088000000, 0x0000000088000000| Untracked 
|  99|0x0000000088100000, 0x0000000088100000, 0x0000000088200000|  0%| F|  |TAMS 0x0000000088100000, 0x0000000088100000| Untracked 
| 100|0x0000000088200000, 0x0000000088200000, 0x0000000088300000|  0%| F|  |TAMS 0x0000000088200000, 0x0000000088200000| Untracked 
| 101|0x0000000088300000, 0x0000000088300000, 0x0000000088400000|  0%| F|  |TAMS 0x0000000088300000, 0x0000000088300000| Untracked 
| 102|0x0000000088400000, 0x0000000088400000, 0x0000000088500000|  0%| F|  |TAMS 0x0000000088400000, 0x0000000088400000| Untracked 
| 103|0x0000000088500000, 0x0000000088500000, 0x0000000088600000|  0%| F|  |TAMS 0x0000000088500000, 0x0000000088500000| Untracked 
| 104|0x0000000088600000, 0x0000000088600000, 0x0000000088700000|  0%| F|  |TAMS 0x0000000088600000, 0x0000000088600000| Untracked 
| 105|0x0000000088700000, 0x0000000088700000, 0x0000000088800000|  0%| F|  |TAMS 0x0000000088700000, 0x0000000088700000| Untracked 
| 106|0x0000000088800000, 0x0000000088800000, 0x0000000088900000|  0%| F|  |TAMS 0x0000000088800000, 0x0000000088800000| Untracked 
| 107|0x0000000088900000, 0x0000000088900000, 0x0000000088a00000|  0%| F|  |TAMS 0x0000000088900000, 0x0000000088900000| Untracked 
| 108|0x0000000088a00000, 0x0000000088ac5a78, 0x0000000088b00000| 77%| S|CS|TAMS 0x0000000088a00000, 0x0000000088a00000| Complete 
| 109|0x0000000088b00000, 0x0000000088c00000, 0x0000000088c00000|100%| S|CS|TAMS 0x0000000088b00000, 0x0000000088b00000| Complete 
| 110|0x0000000088c00000, 0x0000000088d00000, 0x0000000088d00000|100%| S|CS|TAMS 0x0000000088c00000, 0x0000000088c00000| Complete 
| 111|0x0000000088d00000, 0x0000000088e00000, 0x0000000088e00000|100%| S|CS|TAMS 0x0000000088d00000, 0x0000000088d00000| Complete 
| 112|0x0000000088e00000, 0x0000000088f00000, 0x0000000088f00000|100%| S|CS|TAMS 0x0000000088e00000, 0x0000000088e00000| Complete 
| 113|0x0000000088f00000, 0x0000000089000000, 0x0000000089000000|100%| S|CS|TAMS 0x0000000088f00000, 0x0000000088f00000| Complete 
| 114|0x0000000089000000, 0x0000000089100000, 0x0000000089100000|100%| S|CS|TAMS 0x0000000089000000, 0x0000000089000000| Complete 
| 115|0x0000000089100000, 0x0000000089100000, 0x0000000089200000|  0%| F|  |TAMS 0x0000000089100000, 0x0000000089100000| Untracked 
| 116|0x0000000089200000, 0x0000000089200000, 0x0000000089300000|  0%| F|  |TAMS 0x0000000089200000, 0x0000000089200000| Untracked 
| 117|0x0000000089300000, 0x0000000089300000, 0x0000000089400000|  0%| F|  |TAMS 0x0000000089300000, 0x0000000089300000| Untracked 
| 118|0x0000000089400000, 0x0000000089400000, 0x0000000089500000|  0%| F|  |TAMS 0x0000000089400000, 0x0000000089400000| Untracked 
| 119|0x0000000089500000, 0x0000000089500000, 0x0000000089600000|  0%| F|  |TAMS 0x0000000089500000, 0x0000000089500000| Untracked 
| 120|0x0000000089600000, 0x0000000089600000, 0x0000000089700000|  0%| F|  |TAMS 0x0000000089600000, 0x0000000089600000| Untracked 
| 121|0x0000000089700000, 0x0000000089700000, 0x0000000089800000|  0%| F|  |TAMS 0x0000000089700000, 0x0000000089700000| Untracked 
| 122|0x0000000089800000, 0x0000000089800000, 0x0000000089900000|  0%| F|  |TAMS 0x0000000089800000, 0x0000000089800000| Untracked 
| 123|0x0000000089900000, 0x0000000089900000, 0x0000000089a00000|  0%| F|  |TAMS 0x0000000089900000, 0x0000000089900000| Untracked 
| 124|0x0000000089a00000, 0x0000000089a00000, 0x0000000089b00000|  0%| F|  |TAMS 0x0000000089a00000, 0x0000000089a00000| Untracked 
| 125|0x0000000089b00000, 0x0000000089b00000, 0x0000000089c00000|  0%| F|  |TAMS 0x0000000089b00000, 0x0000000089b00000| Untracked 
| 126|0x0000000089c00000, 0x0000000089c00000, 0x0000000089d00000|  0%| F|  |TAMS 0x0000000089c00000, 0x0000000089c00000| Untracked 
| 127|0x0000000089d00000, 0x0000000089d00000, 0x0000000089e00000|  0%| F|  |TAMS 0x0000000089d00000, 0x0000000089d00000| Untracked 
| 128|0x0000000089e00000, 0x0000000089e00000, 0x0000000089f00000|  0%| F|  |TAMS 0x0000000089e00000, 0x0000000089e00000| Untracked 
| 129|0x0000000089f00000, 0x0000000089f00000, 0x000000008a000000|  0%| F|  |TAMS 0x0000000089f00000, 0x0000000089f00000| Untracked 
| 130|0x000000008a000000, 0x000000008a000000, 0x000000008a100000|  0%| F|  |TAMS 0x000000008a000000, 0x000000008a000000| Untracked 
| 131|0x000000008a100000, 0x000000008a100000, 0x000000008a200000|  0%| F|  |TAMS 0x000000008a100000, 0x000000008a100000| Untracked 
| 132|0x000000008a200000, 0x000000008a200000, 0x000000008a300000|  0%| F|  |TAMS 0x000000008a200000, 0x000000008a200000| Untracked 
| 133|0x000000008a300000, 0x000000008a300000, 0x000000008a400000|  0%| F|  |TAMS 0x000000008a300000, 0x000000008a300000| Untracked 
| 134|0x000000008a400000, 0x000000008a400000, 0x000000008a500000|  0%| F|  |TAMS 0x000000008a400000, 0x000000008a400000| Untracked 
| 135|0x000000008a500000, 0x000000008a500000, 0x000000008a600000|  0%| F|  |TAMS 0x000000008a500000, 0x000000008a500000| Untracked 
| 136|0x000000008a600000, 0x000000008a600000, 0x000000008a700000|  0%| F|  |TAMS 0x000000008a600000, 0x000000008a600000| Untracked 
| 137|0x000000008a700000, 0x000000008a700000, 0x000000008a800000|  0%| F|  |TAMS 0x000000008a700000, 0x000000008a700000| Untracked 
| 138|0x000000008a800000, 0x000000008a800000, 0x000000008a900000|  0%| F|  |TAMS 0x000000008a800000, 0x000000008a800000| Untracked 
| 139|0x000000008a900000, 0x000000008a900000, 0x000000008aa00000|  0%| F|  |TAMS 0x000000008a900000, 0x000000008a900000| Untracked 
| 140|0x000000008aa00000, 0x000000008aa00000, 0x000000008ab00000|  0%| F|  |TAMS 0x000000008aa00000, 0x000000008aa00000| Untracked 
| 141|0x000000008ab00000, 0x000000008ab00000, 0x000000008ac00000|  0%| F|  |TAMS 0x000000008ab00000, 0x000000008ab00000| Untracked 
| 142|0x000000008ac00000, 0x000000008ac00000, 0x000000008ad00000|  0%| F|  |TAMS 0x000000008ac00000, 0x000000008ac00000| Untracked 
| 143|0x000000008ad00000, 0x000000008ad00000, 0x000000008ae00000|  0%| F|  |TAMS 0x000000008ad00000, 0x000000008ad00000| Untracked 
| 144|0x000000008ae00000, 0x000000008ae00000, 0x000000008af00000|  0%| F|  |TAMS 0x000000008ae00000, 0x000000008ae00000| Untracked 
| 145|0x000000008af00000, 0x000000008af00000, 0x000000008b000000|  0%| F|  |TAMS 0x000000008af00000, 0x000000008af00000| Untracked 
| 146|0x000000008b000000, 0x000000008b000000, 0x000000008b100000|  0%| F|  |TAMS 0x000000008b000000, 0x000000008b000000| Untracked 
| 147|0x000000008b100000, 0x000000008b100000, 0x000000008b200000|  0%| F|  |TAMS 0x000000008b100000, 0x000000008b100000| Untracked 
| 148|0x000000008b200000, 0x000000008b200000, 0x000000008b300000|  0%| F|  |TAMS 0x000000008b200000, 0x000000008b200000| Untracked 
| 149|0x000000008b300000, 0x000000008b300000, 0x000000008b400000|  0%| F|  |TAMS 0x000000008b300000, 0x000000008b300000| Untracked 
| 150|0x000000008b400000, 0x000000008b400000, 0x000000008b500000|  0%| F|  |TAMS 0x000000008b400000, 0x000000008b400000| Untracked 
| 151|0x000000008b500000, 0x000000008b500000, 0x000000008b600000|  0%| F|  |TAMS 0x000000008b500000, 0x000000008b500000| Untracked 
| 152|0x000000008b600000, 0x000000008b600000, 0x000000008b700000|  0%| F|  |TAMS 0x000000008b600000, 0x000000008b600000| Untracked 
| 153|0x000000008b700000, 0x000000008b700000, 0x000000008b800000|  0%| F|  |TAMS 0x000000008b700000, 0x000000008b700000| Untracked 
| 154|0x000000008b800000, 0x000000008b800000, 0x000000008b900000|  0%| F|  |TAMS 0x000000008b800000, 0x000000008b800000| Untracked 
| 155|0x000000008b900000, 0x000000008b900000, 0x000000008ba00000|  0%| F|  |TAMS 0x000000008b900000, 0x000000008b900000| Untracked 
| 156|0x000000008ba00000, 0x000000008ba00000, 0x000000008bb00000|  0%| F|  |TAMS 0x000000008ba00000, 0x000000008ba00000| Untracked 
| 157|0x000000008bb00000, 0x000000008bb00000, 0x000000008bc00000|  0%| F|  |TAMS 0x000000008bb00000, 0x000000008bb00000| Untracked 
| 158|0x000000008bc00000, 0x000000008bc00000, 0x000000008bd00000|  0%| F|  |TAMS 0x000000008bc00000, 0x000000008bc00000| Untracked 
| 159|0x000000008bd00000, 0x000000008bd00000, 0x000000008be00000|  0%| F|  |TAMS 0x000000008bd00000, 0x000000008bd00000| Untracked 
| 160|0x000000008be00000, 0x000000008be00000, 0x000000008bf00000|  0%| F|  |TAMS 0x000000008be00000, 0x000000008be00000| Untracked 
| 161|0x000000008bf00000, 0x000000008bf00000, 0x000000008c000000|  0%| F|  |TAMS 0x000000008bf00000, 0x000000008bf00000| Untracked 
| 162|0x000000008c000000, 0x000000008c000000, 0x000000008c100000|  0%| F|  |TAMS 0x000000008c000000, 0x000000008c000000| Untracked 
| 163|0x000000008c100000, 0x000000008c100000, 0x000000008c200000|  0%| F|  |TAMS 0x000000008c100000, 0x000000008c100000| Untracked 
| 164|0x000000008c200000, 0x000000008c200000, 0x000000008c300000|  0%| F|  |TAMS 0x000000008c200000, 0x000000008c200000| Untracked 
| 165|0x000000008c300000, 0x000000008c300000, 0x000000008c400000|  0%| F|  |TAMS 0x000000008c300000, 0x000000008c300000| Untracked 

Card table byte_map: [0x000001f97e2b0000,0x000001f97e6b0000] _byte_map_base: 0x000001f97dea1000

Marking Bits (Prev, Next): (CMBitMap*) 0x000001f97dadae68, (CMBitMap*) 0x000001f97dadaea0
 Prev Bits: [0x000001f912a20000, 0x000001f9149a8000)
 Next Bits: [0x000001f9149b0000, 0x000001f916938000)

Polling page: 0x000001f97ba40000

Metaspace:

Usage:
  Non-class:     51.49 MB capacity,    51.12 MB (>99%) used,   286.81 KB ( <1%) free+waste,    94.69 KB ( <1%) overhead. 
      Class:      6.91 MB capacity,     6.62 MB ( 96%) used,   253.13 KB (  4%) free+waste,    41.44 KB ( <1%) overhead. 
       Both:     58.40 MB capacity,    57.74 MB ( 99%) used,   539.94 KB ( <1%) free+waste,   136.13 KB ( <1%) overhead. 

Virtual space:
  Non-class space:       52.00 MB reserved,      51.50 MB (>99%) committed 
      Class space:        1.00 GB reserved,       7.00 MB ( <1%) committed 
             Both:        1.05 GB reserved,      58.50 MB (  5%) committed 

Chunk freelists:
   Non-Class:  8.00 KB
       Class:  0 bytes
        Both:  8.00 KB

MaxMetaspaceSize: 17179869184.00 GB
CompressedClassSpaceSize: 1.00 GB

CodeHeap 'non-profiled nmethods': size=120000Kb used=3595Kb max_used=3595Kb free=116404Kb
 bounds [0x000001f90b4f0000, 0x000001f90b880000, 0x000001f912a20000]
CodeHeap 'profiled nmethods': size=120000Kb used=16773Kb max_used=16773Kb free=103226Kb
 bounds [0x000001f903fc0000, 0x000001f905030000, 0x000001f90b4f0000]
CodeHeap 'non-nmethods': size=5760Kb used=1214Kb max_used=1308Kb free=4545Kb
 bounds [0x000001f903a20000, 0x000001f903c90000, 0x000001f903fc0000]
 total_blobs=7556 nmethods=6987 adapters=478
 compilation: enabled
              stopped_count=0, restarted_count=0
 full_count=0

Compilation events (20 events):
Event: 5.107 Thread 0x000001f97f513800 7022       3       org.jetbrains.kotlin.com.intellij.util.BitUtil::assertOneBitMask (47 bytes)
Event: 5.107 Thread 0x000001f97f513800 nmethod 7022 0x000001f90501da90 code [0x000001f90501dc40, 0x000001f90501dd38]
Event: 5.110 Thread 0x000001f97f513800 7024       3       org.jetbrains.kotlin.com.intellij.psi.impl.source.CharTableImpl::access$500 (7 bytes)
Event: 5.111 Thread 0x000001f97f513800 nmethod 7024 0x000001f90501de10 code [0x000001f90501e040, 0x000001f90501e578]
Event: 5.111 Thread 0x000001f97f513800 7025       3       org.jetbrains.kotlin.com.intellij.util.containers.UnsignedShortArrayList::setQuick (13 bytes)
Event: 5.111 Thread 0x000001f97f513800 nmethod 7025 0x000001f90501e790 code [0x000001f90501e940, 0x000001f90501ead8]
Event: 5.111 Thread 0x000001f97f513800 7026       3       org.jetbrains.kotlin.com.intellij.util.containers.UnsignedShortArrayList::assertShort (26 bytes)
Event: 5.111 Thread 0x000001f97f513800 nmethod 7026 0x000001f90501ec10 code [0x000001f90501edc0, 0x000001f90501eeb8]
Event: 5.111 Thread 0x000001f97f513800 7027       3       org.jetbrains.kotlin.com.intellij.psi.stubs.MostlyUShortIntList::get (28 bytes)
Event: 5.111 Thread 0x000001f97f513800 nmethod 7027 0x000001f90501ef90 code [0x000001f90501f180, 0x000001f90501f528]
Event: 5.111 Thread 0x000001f97f513800 7028       3       org.jetbrains.kotlin.com.intellij.util.containers.UnsignedShortArrayList::getQuick (7 bytes)
Event: 5.112 Thread 0x000001f97f513800 nmethod 7028 0x000001f90501f710 code [0x000001f90501f8c0, 0x000001f90501f9f8]
Event: 5.112 Thread 0x000001f97f513800 7030       3       org.jetbrains.kotlin.com.intellij.psi.stubs.MostlyUShortIntList::add (38 bytes)
Event: 5.112 Thread 0x000001f97f513800 nmethod 7030 0x000001f90501fb10 code [0x000001f90501fd60, 0x000001f9050204e8]
Event: 5.112 Thread 0x000001f97f513800 7031       3       org.jetbrains.kotlin.com.intellij.util.containers.UnsignedShortArrayList::add (27 bytes)
Event: 5.112 Thread 0x000001f97f513800 nmethod 7031 0x000001f905020810 code [0x000001f9050209e0, 0x000001f905020c48]
Event: 5.112 Thread 0x000001f97f513800 7032       3       org.jetbrains.kotlin.com.intellij.util.containers.UnsignedShortArrayList::ensureCapacity (57 bytes)
Event: 5.113 Thread 0x000001f97f513800 nmethod 7032 0x000001f905020d90 code [0x000001f905020f60, 0x000001f9050212a8]
Event: 5.113 Thread 0x000001f97f513800 7029       3       org.jetbrains.kotlin.com.intellij.psi.stubs.StubList::childrenCountIndex (6 bytes)
Event: 5.113 Thread 0x000001f97f513800 nmethod 7029 0x000001f905021410 code [0x000001f9050215c0, 0x000001f9050216b8]

GC Heap History (17 events):
Event: 0.392 GC heap before
{Heap before GC invocations=0 (full 0):
 garbage-first heap   total 131072K, used 27648K [0x0000000081e00000, 0x0000000100000000)
  region size 1024K, 24 young (24576K), 0 survivors (0K)
 Metaspace       used 12306K, capacity 12341K, committed 12544K, reserved 1060864K
  class space    used 1157K, capacity 1174K, committed 1280K, reserved 1048576K
}
Event: 0.395 GC heap after
{Heap after GC invocations=1 (full 0):
 garbage-first heap   total 131072K, used 5758K [0x0000000081e00000, 0x0000000100000000)
  region size 1024K, 3 young (3072K), 3 survivors (3072K)
 Metaspace       used 12306K, capacity 12341K, committed 12544K, reserved 1060864K
  class space    used 1157K, capacity 1174K, committed 1280K, reserved 1048576K
}
Event: 0.831 GC heap before
{Heap before GC invocations=1 (full 0):
 garbage-first heap   total 131072K, used 42622K [0x0000000081e00000, 0x0000000100000000)
  region size 1024K, 40 young (40960K), 3 survivors (3072K)
 Metaspace       used 20956K, capacity 21148K, committed 21248K, reserved 1069056K
  class space    used 2215K, capacity 2278K, committed 2304K, reserved 1048576K
}
Event: 0.841 GC heap after
{Heap after GC invocations=2 (full 0):
 garbage-first heap   total 131072K, used 9549K [0x0000000081e00000, 0x0000000100000000)
  region size 1024K, 7 young (7168K), 7 survivors (7168K)
 Metaspace       used 20956K, capacity 21148K, committed 21248K, reserved 1069056K
  class space    used 2215K, capacity 2278K, committed 2304K, reserved 1048576K
}
Event: 1.528 GC heap before
{Heap before GC invocations=3 (full 0):
 garbage-first heap   total 131072K, used 73037K [0x0000000081e00000, 0x0000000100000000)
  region size 1024K, 57 young (58368K), 7 survivors (7168K)
 Metaspace       used 31883K, capacity 32339K, committed 32640K, reserved 1077248K
  class space    used 3962K, capacity 4146K, committed 4224K, reserved 1048576K
}
Event: 1.544 GC heap after
{Heap after GC invocations=4 (full 0):
 garbage-first heap   total 131072K, used 23707K [0x0000000081e00000, 0x0000000100000000)
  region size 1024K, 8 young (8192K), 8 survivors (8192K)
 Metaspace       used 31883K, capacity 32339K, committed 32640K, reserved 1077248K
  class space    used 3962K, capacity 4146K, committed 4224K, reserved 1048576K
}
Event: 1.726 GC heap before
{Heap before GC invocations=4 (full 0):
 garbage-first heap   total 131072K, used 39067K [0x0000000081e00000, 0x0000000100000000)
  region size 1024K, 24 young (24576K), 8 survivors (8192K)
 Metaspace       used 35077K, capacity 35487K, committed 35628K, reserved 1081344K
  class space    used 4312K, capacity 4470K, committed 4480K, reserved 1048576K
}
Event: 1.739 GC heap after
{Heap after GC invocations=5 (full 0):
 garbage-first heap   total 131072K, used 23490K [0x0000000081e00000, 0x0000000100000000)
  region size 1024K, 2 young (2048K), 2 survivors (2048K)
 Metaspace       used 35077K, capacity 35487K, committed 35628K, reserved 1081344K
  class space    used 4312K, capacity 4470K, committed 4480K, reserved 1048576K
}
Event: 2.334 GC heap before
{Heap before GC invocations=6 (full 0):
 garbage-first heap   total 131072K, used 72642K [0x0000000081e00000, 0x0000000100000000)
  region size 1024K, 48 young (49152K), 2 survivors (2048K)
 Metaspace       used 45438K, capacity 45939K, committed 46080K, reserved 1089536K
  class space    used 5360K, capacity 5537K, committed 5632K, reserved 1048576K
}
Event: 2.344 GC heap after
{Heap after GC invocations=7 (full 0):
 garbage-first heap   total 169984K, used 29587K [0x0000000081e00000, 0x0000000100000000)
  region size 1024K, 6 young (6144K), 6 survivors (6144K)
 Metaspace       used 45438K, capacity 45939K, committed 46080K, reserved 1089536K
  class space    used 5360K, capacity 5537K, committed 5632K, reserved 1048576K
}
Event: 3.077 GC heap before
{Heap before GC invocations=7 (full 0):
 garbage-first heap   total 169984K, used 92051K [0x0000000081e00000, 0x0000000100000000)
  region size 1024K, 66 young (67584K), 6 survivors (6144K)
 Metaspace       used 49122K, capacity 49638K, committed 49664K, reserved 1093632K
  class space    used 5687K, capacity 5886K, committed 5888K, reserved 1048576K
}
Event: 3.097 GC heap after
{Heap after GC invocations=8 (full 0):
 garbage-first heap   total 169984K, used 36199K [0x0000000081e00000, 0x0000000100000000)
  region size 1024K, 9 young (9216K), 9 survivors (9216K)
 Metaspace       used 49122K, capacity 49638K, committed 49664K, reserved 1093632K
  class space    used 5687K, capacity 5886K, committed 5888K, reserved 1048576K
}
Event: 4.089 GC heap before
{Heap before GC invocations=8 (full 0):
 garbage-first heap   total 169984K, used 99687K [0x0000000081e00000, 0x0000000100000000)
  region size 1024K, 71 young (72704K), 9 survivors (9216K)
 Metaspace       used 53754K, capacity 54336K, committed 54528K, reserved 1097728K
  class space    used 6078K, capacity 6296K, committed 6400K, reserved 1048576K
}
Event: 4.125 GC heap after
{Heap after GC invocations=9 (full 0):
 garbage-first heap   total 169984K, used 46444K [0x0000000081e00000, 0x0000000100000000)
  region size 1024K, 9 young (9216K), 9 survivors (9216K)
 Metaspace       used 53754K, capacity 54336K, committed 54528K, reserved 1097728K
  class space    used 6078K, capacity 6296K, committed 6400K, reserved 1048576K
}
Event: 4.334 GC heap before
{Heap before GC invocations=9 (full 0):
 garbage-first heap   total 169984K, used 108908K [0x0000000081e00000, 0x0000000100000000)
  region size 1024K, 70 young (71680K), 9 survivors (9216K)
 Metaspace       used 54005K, capacity 54574K, committed 54784K, reserved 1097728K
  class space    used 6095K, capacity 6332K, committed 6400K, reserved 1048576K
}
Event: 4.350 GC heap after
{Heap after GC invocations=10 (full 0):
 garbage-first heap   total 169984K, used 50688K [0x0000000081e00000, 0x0000000100000000)
  region size 1024K, 3 young (3072K), 3 survivors (3072K)
 Metaspace       used 54005K, capacity 54574K, committed 54784K, reserved 1097728K
  class space    used 6095K, capacity 6332K, committed 6400K, reserved 1048576K
}
Event: 5.117 GC heap before
{Heap before GC invocations=10 (full 0):
 garbage-first heap   total 169984K, used 101888K [0x0000000081e00000, 0x0000000100000000)
  region size 1024K, 54 young (55296K), 3 survivors (3072K)
 Metaspace       used 59123K, capacity 59800K, committed 59904K, reserved 1101824K
  class space    used 6777K, capacity 7072K, committed 7168K, reserved 1048576K
}

Deoptimization events (20 events):
Event: 5.106 Thread 0x000001f97da9e000 Uncommon trap: trap_request=0xffffffc6 fr.pc=0x000001f90b77a254 relative=0x0000000000000b94
Event: 5.106 Thread 0x000001f97da9e000 Uncommon trap: reason=bimorphic_or_optimized_type_check action=maybe_recompile pc=0x000001f90b77a254 method=gnu.trove.TObjectHash.insertionIndex(Ljava/lang/Object;)I @ 13 c2
Event: 5.106 Thread 0x000001f97da9e000 DEOPT PACKING pc=0x000001f90b77a254 sp=0x0000004c68ef91b0
Event: 5.106 Thread 0x000001f97da9e000 DEOPT UNPACKING pc=0x000001f903a4662f sp=0x0000004c68ef9160 mode 2
Event: 5.106 Thread 0x000001f97da9e000 Uncommon trap: trap_request=0xffffffc6 fr.pc=0x000001f90b77a140 relative=0x0000000000000a80
Event: 5.106 Thread 0x000001f97da9e000 Uncommon trap: reason=bimorphic_or_optimized_type_check action=maybe_recompile pc=0x000001f90b77a140 method=gnu.trove.TObjectHash.insertionIndex(Ljava/lang/Object;)I @ 177 c2
Event: 5.106 Thread 0x000001f97da9e000 DEOPT PACKING pc=0x000001f90b77a140 sp=0x0000004c68ef91b0
Event: 5.106 Thread 0x000001f97da9e000 DEOPT UNPACKING pc=0x000001f903a4662f sp=0x0000004c68ef9158 mode 2
Event: 5.106 Thread 0x000001f97da9e000 Uncommon trap: trap_request=0xffffffc6 fr.pc=0x000001f90b77a140 relative=0x0000000000000a80
Event: 5.106 Thread 0x000001f97da9e000 Uncommon trap: reason=bimorphic_or_optimized_type_check action=maybe_recompile pc=0x000001f90b77a140 method=gnu.trove.TObjectHash.insertionIndex(Ljava/lang/Object;)I @ 177 c2
Event: 5.106 Thread 0x000001f97da9e000 DEOPT PACKING pc=0x000001f90b77a140 sp=0x0000004c68ef91b0
Event: 5.106 Thread 0x000001f97da9e000 DEOPT UNPACKING pc=0x000001f903a4662f sp=0x0000004c68ef9158 mode 2
Event: 5.106 Thread 0x000001f97da9e000 Uncommon trap: trap_request=0xffffffc6 fr.pc=0x000001f90b77a140 relative=0x0000000000000a80
Event: 5.106 Thread 0x000001f97da9e000 Uncommon trap: reason=bimorphic_or_optimized_type_check action=maybe_recompile pc=0x000001f90b77a140 method=gnu.trove.TObjectHash.insertionIndex(Ljava/lang/Object;)I @ 177 c2
Event: 5.106 Thread 0x000001f97da9e000 DEOPT PACKING pc=0x000001f90b77a140 sp=0x0000004c68ef91b0
Event: 5.106 Thread 0x000001f97da9e000 DEOPT UNPACKING pc=0x000001f903a4662f sp=0x0000004c68ef9158 mode 2
Event: 5.106 Thread 0x000001f97da9e000 Uncommon trap: trap_request=0xffffffc6 fr.pc=0x000001f90b5f9cb8 relative=0x0000000000000598
Event: 5.106 Thread 0x000001f97da9e000 Uncommon trap: reason=bimorphic_or_optimized_type_check action=maybe_recompile pc=0x000001f90b5f9cb8 method=gnu.trove.TObjectHash.index(Ljava/lang/Object;)I @ 22 c2
Event: 5.106 Thread 0x000001f97da9e000 DEOPT PACKING pc=0x000001f90b5f9cb8 sp=0x0000004c68ef9a60
Event: 5.106 Thread 0x000001f97da9e000 DEOPT UNPACKING pc=0x000001f903a4662f sp=0x0000004c68ef99e8 mode 2

Classes redefined (0 events):
No events

Internal exceptions (20 events):
Event: 1.421 Thread 0x000001f97da9e000 Implicit null exception at 0x000001f90b54de5e to 0x000001f90b54e5c2
Event: 1.421 Thread 0x000001f97da9e000 Implicit null exception at 0x000001f90b54d1af to 0x000001f90b54d21d
Event: 1.672 Thread 0x000001f97da9e000 Exception <a 'java/lang/NoSuchMethodError'{0x00000000893a6238}: 'java.lang.Object java.lang.invoke.DirectMethodHandle$Holder.invokeVirtual(java.lang.Object, java.lang.Object, java.lang.Object)'> (0x00000000893a6238) thrown at [./src/hotspot/share/interpreter/linkResolver.cpp, line 773]
Event: 2.095 Thread 0x000001f97da9e000 Exception <a 'java/lang/NoSuchMethodError'{0x0000000087a7dac0}: 'java.lang.Object java.lang.invoke.Invokers$Holder.linkToTargetMethod(java.lang.Object, int, java.lang.Object)'> (0x0000000087a7dac0) thrown at [./src/hotspot/share/interpreter/linkResolver.cpp, line 773]
Event: 2.189 Thread 0x000001f97da9e000 Exception <a 'java/lang/NoSuchMethodError'{0x000000008762c418}: 'java.lang.Object java.lang.invoke.DirectMethodHandle$Holder.invokeStatic(java.lang.Object, java.lang.Object, java.lang.Object, int)'> (0x000000008762c418) thrown at [./src/hotspot/share/interpreter/linkResolver.cpp, line 773]
Event: 2.189 Thread 0x000001f97da9e000 Exception <a 'java/lang/NoSuchMethodError'{0x0000000087630088}: 'java.lang.Object java.lang.invoke.DirectMethodHandle$Holder.invokeSpecial(java.lang.Object, java.lang.Object, java.lang.Object, java.lang.Object, int)'> (0x0000000087630088) thrown at [./src/hotspot/share/interpreter/linkResolver.cpp, line 773]
Event: 2.189 Thread 0x000001f97da9e000 Exception <a 'java/lang/NoSuchMethodError'{0x0000000087633398}: 'java.lang.Object java.lang.invoke.Invokers$Holder.linkToTargetMethod(java.lang.Object, java.lang.Object, int, java.lang.Object)'> (0x0000000087633398) thrown at [./src/hotspot/share/interpreter/linkResolver.cpp, line 773]
Event: 2.960 Thread 0x000001f97da9e000 Exception <a 'java/lang/NoSuchMethodError'{0x0000000089126d20}: 'java.lang.Object java.lang.invoke.DirectMethodHandle$Holder.invokeSpecial(java.lang.Object, java.lang.Object, java.lang.Object, java.lang.Object, java.lang.Object, java.lang.Object, java.lang.Object, java.lang.Object, java.lang.Object)'> (0x0000000089126d20) thrown at [./src/hotspot/share/interpreter/linkResolver.cpp, line 773]
Event: 2.961 Thread 0x000001f97da9e000 Exception <a 'java/lang/NoSuchMethodError'{0x000000008912af18}: 'java.lang.Object java.lang.invoke.Invokers$Holder.linkToTargetMethod(java.lang.Object, java.lang.Object, java.lang.Object, java.lang.Object, java.lang.Object, java.lang.Object, java.lang.Object, java.lang.Object)'> (0x000000008912af18) thrown at [./src/hotspot/share/interpreter/linkResolver.cpp, line 773]
Event: 3.346 Thread 0x000001f97da9e000 Exception <a 'java/lang/NoSuchMethodError'{0x000000008b73d950}: 'int java.lang.invoke.DirectMethodHandle$Holder.invokeInterface(java.lang.Object, java.lang.Object)'> (0x000000008b73d950) thrown at [./src/hotspot/share/interpreter/linkResolver.cpp, line 773]
Event: 3.433 Thread 0x000001f97da9e000 Exception <a 'java/lang/NoSuchMethodError'{0x000000008b3abae0}: 'java.lang.Object java.lang.invoke.DirectMethodHandle$Holder.invokeStaticInit(java.lang.Object, java.lang.Object, java.lang.Object)'> (0x000000008b3abae0) thrown at [./src/hotspot/share/interpreter/linkResolver.cpp, line 773]
Event: 4.040 Thread 0x000001f97da9e000 Exception <a 'java/lang/NoSuchMethodError'{0x0000000088946040}: 'java.lang.Object java.lang.invoke.DirectMethodHandle$Holder.invokeStatic(java.lang.Object, int, java.lang.Object, java.lang.Object)'> (0x0000000088946040) thrown at [./src/hotspot/share/interpreter/linkResolver.cpp, line 773]
Event: 4.409 Thread 0x000001f97da9e000 Exception <a 'java/lang/NoSuchMethodError'{0x000000008aef7d88}: 'java.lang.Object java.lang.invoke.Invokers$Holder.linkToTargetMethod(java.lang.Object, java.lang.Object, java.lang.Object, int, int, java.lang.Object)'> (0x000000008aef7d88) thrown at [./src/hotspot/share/interpreter/linkResolver.cpp, line 773]
Event: 4.421 Thread 0x000001f97da9e000 Exception <a 'java/lang/NoSuchMethodError'{0x000000008ad6a6b8}: 'java.lang.Object java.lang.invoke.Invokers$Holder.linkToTargetMethod(java.lang.Object, java.lang.Object, java.lang.Object, java.lang.Object, java.lang.Object, java.lang.Object)'> (0x000000008ad6a6b8) thrown at [./src/hotspot/share/interpreter/linkResolver.cpp, line 773]
Event: 4.543 Thread 0x000001f97da9e000 Implicit null exception at 0x000001f90b62e54c to 0x000001f90b62e628
Event: 4.641 Thread 0x000001f97da9e000 Exception <a 'java/lang/NoSuchMethodError'{0x000000008a2182a8}: 'java.lang.Object java.lang.invoke.Invokers$Holder.linkToTargetMethod(java.lang.Object, java.lang.Object, java.lang.Object, java.lang.Object, java.lang.Object, java.lang.Object, java.lang.Object)'> (0x000000008a2182a8) thrown at [./src/hotspot/share/interpreter/linkResolver.cpp, line 773]
Event: 4.762 Thread 0x000001f97da9e000 Exception <a 'java/lang/NoSuchMethodError'{0x0000000089df1560}: 'java.lang.Object java.lang.invoke.DirectMethodHandle$Holder.invokeInterface(java.lang.Object, java.lang.Object, java.lang.Object)'> (0x0000000089df1560) thrown at [./src/hotspot/share/interpreter/linkResolver.cpp, line 773]
Event: 4.762 Thread 0x000001f97da9e000 Exception <a 'java/lang/IncompatibleClassChangeError'{0x0000000089df4790}: Found class java.lang.Object, but interface was expected> (0x0000000089df4790) thrown at [./src/hotspot/share/interpreter/linkResolver.cpp, line 839]
Event: 4.800 Thread 0x000001f97da9e000 Exception <a 'java/lang/NoSuchMethodError'{0x0000000089ca8f38}: 'int java.lang.invoke.DirectMethodHandle$Holder.invokeStaticInit(java.lang.Object, int)'> (0x0000000089ca8f38) thrown at [./src/hotspot/share/interpreter/linkResolver.cpp, line 773]
Event: 5.034 Thread 0x000001f97da9e000 Exception <a 'java/lang/NoSuchMethodError'{0x00000000894513d0}: 'int java.lang.invoke.DirectMethodHandle$Holder.invokeVirtual(java.lang.Object, java.lang.Object, java.lang.Object)'> (0x00000000894513d0) thrown at [./src/hotspot/share/interpreter/linkResolver.cpp, line 773]

Events (20 events):
Event: 5.114 loading class org/jetbrains/kotlin/com/intellij/psi/EmptySubstitutor$Holder done
Event: 5.114 loading class org/jetbrains/kotlin/com/intellij/openapi/util/KeyWithDefaultValue$1
Event: 5.114 loading class org/jetbrains/kotlin/com/intellij/openapi/util/KeyWithDefaultValue$1 done
Event: 5.114 Executing VM operation: Deoptimize
Event: 5.115 Executing VM operation: Deoptimize done
Event: 5.115 loading class org/jetbrains/kotlin/com/intellij/psi/impl/source/PsiImmediateClassType$1
Event: 5.115 loading class org/jetbrains/kotlin/com/intellij/psi/impl/source/PsiImmediateClassType$1 done
Event: 5.115 loading class org/jetbrains/kotlin/com/intellij/psi/PsiClassType$ClassResolveResult$1
Event: 5.115 loading class org/jetbrains/kotlin/com/intellij/psi/PsiClassType$ClassResolveResult$1 done
Event: 5.115 loading class org/jetbrains/kotlin/com/intellij/util/containers/ConcurrentSoftHashMap$SoftKey
Event: 5.115 loading class org/jetbrains/kotlin/com/intellij/util/containers/ConcurrentSoftHashMap$SoftKey done
Event: 5.115 loading class org/jetbrains/kotlin/load/java/structure/impl/JavaClassifierTypeImpl
Event: 5.115 loading class org/jetbrains/kotlin/load/java/structure/impl/JavaClassifierTypeImpl done
Event: 5.116 loading class org/jetbrains/kotlin/load/java/structure/impl/JavaTypeImpl
Event: 5.116 loading class org/jetbrains/kotlin/load/java/structure/impl/JavaTypeImpl done
Event: 5.116 Executing VM operation: Deoptimize
Event: 5.116 Executing VM operation: Deoptimize done
Event: 5.117 loading class org/jetbrains/kotlin/com/intellij/psi/PsiTypeVisitor
Event: 5.117 loading class org/jetbrains/kotlin/com/intellij/psi/PsiTypeVisitor done
Event: 5.117 Executing VM operation: CollectForMetadataAllocation


Dynamic libraries:
0x00007ff738430000 - 0x00007ff73843a000 	E:\Android\Android Studio\jre\bin\java.exe
0x00007ffe79af0000 - 0x00007ffe79ce5000 	C:\WINDOWS\SYSTEM32\ntdll.dll
0x00007ffe78320000 - 0x00007ffe783de000 	C:\WINDOWS\System32\KERNEL32.DLL
0x00007ffe775f0000 - 0x00007ffe778b8000 	C:\WINDOWS\System32\KERNELBASE.dll
0x00007ffe77250000 - 0x00007ffe77350000 	C:\WINDOWS\System32\ucrtbase.dll
0x00007ffe63a80000 - 0x00007ffe63a99000 	E:\Android\Android Studio\jre\bin\jli.dll
0x00007ffe63560000 - 0x00007ffe63577000 	E:\Android\Android Studio\jre\bin\VCRUNTIME140.dll
0x00007ffe79860000 - 0x00007ffe79a00000 	C:\WINDOWS\System32\USER32.dll
0x00007ffe778c0000 - 0x00007ffe778e2000 	C:\WINDOWS\System32\win32u.dll
0x00007ffe57360000 - 0x00007ffe575fa000 	C:\WINDOWS\WinSxS\amd64_microsoft.windows.common-controls_6595b64144ccf1df_6.0.19041.1110_none_60b5254171f9507e\COMCTL32.dll
0x00007ffe78000000 - 0x00007ffe7802b000 	C:\WINDOWS\System32\GDI32.dll
0x00007ffe78050000 - 0x00007ffe780ee000 	C:\WINDOWS\System32\msvcrt.dll
0x00007ffe77a30000 - 0x00007ffe77b3d000 	C:\WINDOWS\System32\gdi32full.dll
0x00007ffe778f0000 - 0x00007ffe7798d000 	C:\WINDOWS\System32\msvcp_win.dll
0x00007ffe78220000 - 0x00007ffe78250000 	C:\WINDOWS\System32\IMM32.DLL
0x00007ffe2b000000 - 0x00007ffe2b09d000 	E:\Android\Android Studio\jre\bin\msvcp140.dll
0x00007ffe17bc0000 - 0x00007ffe18695000 	E:\Android\Android Studio\jre\bin\server\jvm.dll
0x00007ffe79a00000 - 0x00007ffe79aae000 	C:\WINDOWS\System32\ADVAPI32.dll
0x00007ffe79690000 - 0x00007ffe7972c000 	C:\WINDOWS\System32\sechost.dll
0x00007ffe780f0000 - 0x00007ffe78215000 	C:\WINDOWS\System32\RPCRT4.dll
0x00007ffe78450000 - 0x00007ffe78458000 	C:\WINDOWS\System32\PSAPI.DLL
0x00007ffe572c0000 - 0x00007ffe572e7000 	C:\WINDOWS\SYSTEM32\WINMM.dll
0x00007ffe6c360000 - 0x00007ffe6c36a000 	C:\WINDOWS\SYSTEM32\VERSION.dll
0x00007ffe6bb30000 - 0x00007ffe6bb39000 	C:\WINDOWS\SYSTEM32\WSOCK32.dll
0x00007ffe782b0000 - 0x00007ffe7831b000 	C:\WINDOWS\System32\WS2_32.dll
0x00007ffe75a80000 - 0x00007ffe75a92000 	C:\WINDOWS\SYSTEM32\kernel.appcore.dll
0x00007ffe64400000 - 0x00007ffe64411000 	E:\Android\Android Studio\jre\bin\verify.dll
0x00007ffe75000000 - 0x00007ffe751e4000 	C:\WINDOWS\SYSTEM32\DBGHELP.DLL
0x00007ffe5bb40000 - 0x00007ffe5bb6c000 	C:\WINDOWS\SYSTEM32\dbgcore.DLL
0x00007ffe774b0000 - 0x00007ffe77532000 	C:\WINDOWS\System32\bcryptPrimitives.dll
0x00007ffe63680000 - 0x00007ffe636a9000 	E:\Android\Android Studio\jre\bin\java.dll
0x00007ffe64050000 - 0x00007ffe6405b000 	E:\Android\Android Studio\jre\bin\jimage.dll
0x00007ffe63660000 - 0x00007ffe63678000 	E:\Android\Android Studio\jre\bin\zip.dll
0x00007ffe78460000 - 0x00007ffe78ba4000 	C:\WINDOWS\System32\SHELL32.dll
0x00007ffe752d0000 - 0x00007ffe75a64000 	C:\WINDOWS\SYSTEM32\windows.storage.dll
0x00007ffe79330000 - 0x00007ffe79685000 	C:\WINDOWS\System32\combase.dll
0x00007ffe76b80000 - 0x00007ffe76bae000 	C:\WINDOWS\SYSTEM32\Wldp.dll
0x00007ffe78bb0000 - 0x00007ffe78c5d000 	C:\WINDOWS\System32\SHCORE.dll
0x00007ffe78250000 - 0x00007ffe782a5000 	C:\WINDOWS\System32\shlwapi.dll
0x00007ffe77140000 - 0x00007ffe7715f000 	C:\WINDOWS\SYSTEM32\profapi.dll
0x00007ffe63520000 - 0x00007ffe6353a000 	E:\Android\Android Studio\jre\bin\net.dll
0x00007ffe645e0000 - 0x00007ffe646ec000 	C:\WINDOWS\SYSTEM32\WINHTTP.dll
0x00007ffe768e0000 - 0x00007ffe7694a000 	C:\WINDOWS\system32\mswsock.dll
0x00007ffe63500000 - 0x00007ffe63514000 	E:\Android\Android Studio\jre\bin\nio.dll

dbghelp: loaded successfully - version: 4.0.5 - missing functions: none
symbol engine: initialized successfully - sym options: 0x614 - pdb path: .;E:\Android\Android Studio\jre\bin;C:\WINDOWS\SYSTEM32;C:\WINDOWS\WinSxS\amd64_microsoft.windows.common-controls_6595b64144ccf1df_6.0.19041.1110_none_60b5254171f9507e;E:\Android\Android Studio\jre\bin\server

VM Arguments:
java_command: org.jetbrains.kotlin.cli.jvm.K2JVMCompiler @E:\Android\GoodBook\app\build\20220517_1271921866742875007.compiler.options
java_class_path (initial): C:\Users\Admin\.gradle\caches\modules-2\files-2.1\org.jetbrains.kotlin\kotlin-compiler-embeddable\1.5.30\3362a354066df1578a057c200da23cf2a1d8144f\kotlin-compiler-embeddable-1.5.30.jar;C:\Users\Admin\.gradle\caches\modules-2\files-2.1\org.jetbrains.kotlin\kotlin-reflect\1.5.30\6773e974437dd6432aa646cc2f8ab71de42b5773\kotlin-reflect-1.5.30.jar;C:\Users\Admin\.gradle\caches\modules-2\files-2.1\org.jetbrains.kotlin\kotlin-stdlib\1.5.30\d68efdea04955974ac1020f8f66ef8176bfbce1f\kotlin-stdlib-1.5.30.jar;C:\Users\Admin\.gradle\caches\modules-2\files-2.1\org.jetbrains.kotlin\kotlin-script-runtime\1.5.30\10697ab20bfd2f1b23baa91306950c36c4e89a8d\kotlin-script-runtime-1.5.30.jar;C:\Users\Admin\.gradle\caches\modules-2\files-2.1\org.jetbrains.kotlin\kotlin-daemon-embeddable\1.5.30\e355dc9011e559a475608265607948109e113ae0\kotlin-daemon-embeddable-1.5.30.jar;C:\Users\Admin\.gradle\caches\modules-2\files-2.1\org.jetbrains.intellij.deps\trove4j\1.0.20181211\216c2e14b070f334479d800987affe4054cd563f\trove4j-1.0.20181211.jar;C:\Users\Admin\.gradle\caches\modules-2\files-2.1\org.jetbrains\annotations\13.0\919f0dfe192fb4e063e7dacadee7f8bb9a2672a9\annotations-13.0.jar;C:\Users\Admin\.gradle\caches\modules-2\files-2.1\org.jetbrains.kotlin\kotlin-stdlib-common\1.5.30\649ffab7767038323fec0cc41e2d7b0a8f65a378\kotlin-stdlib-common-1.5.30.jar
Launcher Type: SUN_STANDARD

[Global flags]
     intx CICompilerCount                          = 4                                         {product} {ergonomic}
     uint ConcGCThreads                            = 2                                         {product} {ergonomic}
     uint G1ConcRefinementThreads                  = 8                                         {product} {ergonomic}
   size_t G1HeapRegionSize                         = 1048576                                   {product} {ergonomic}
    uintx GCDrainStackTargetSize                   = 64                                        {product} {ergonomic}
   size_t InitialHeapSize                          = 134217728                                 {product} {ergonomic}
   size_t MarkStackSize                            = 4194304                                   {product} {ergonomic}
   size_t MaxHeapSize                              = 2116026368                                {product} {ergonomic}
   size_t MaxNewSize                               = 1268776960                                {product} {ergonomic}
   size_t MinHeapDeltaBytes                        = 1048576                                   {product} {ergonomic}
    uintx NonNMethodCodeHeapSize                   = 5836300                                {pd product} {ergonomic}
    uintx NonProfiledCodeHeapSize                  = 122910970                              {pd product} {ergonomic}
    uintx ProfiledCodeHeapSize                     = 122910970                              {pd product} {ergonomic}
    uintx ReservedCodeCacheSize                    = 251658240                              {pd product} {ergonomic}
     bool SegmentedCodeCache                       = true                                      {product} {ergonomic}
     bool UseCompressedClassPointers               = true                                 {lp64_product} {ergonomic}
     bool UseCompressedOops                        = true                                 {lp64_product} {ergonomic}
     bool UseG1GC                                  = true                                      {product} {ergonomic}
     bool UseLargePagesIndividualAllocation        = false                                  {pd product} {ergonomic}

Logging:
Log output configuration:
 #0: stdout all=warning uptime,level,tags
 #1: stderr all=off uptime,level,tags

Environment Variables:
JAVA_HOME=C:\Program Files\Java\jdk1.8.0_271
PATH=C:\Program Files\Common Files\Oracle\Java\javapath;C:\Program Files (x86)\Common Files\Oracle\Java\javapath;C:\Program Files\Java\jdk1.8.0_271\bin;C:\Program Files\Java\jdk1.8.0_271\bin;C:\Windows\system32;C:\Windows;C:\Windows\System32\Wbem;C:\Windows\System32\WindowsPowerShell\v1.0\;C:\Windows\System32\OpenSSH\;C:\Program Files (x86)\Intel\Intel(R) Management Engine Components\DAL;C:\Program Files\Intel\Intel(R) Management Engine Components\DAL;C:\Program Files\Microsoft SQL Server\Client SDK\ODBC\170\Tools\Binn\;C:\Program Files (x86)\Microsoft SQL Server\150\Tools\Binn\;C:\Program Files\Microsoft SQL Server\150\Tools\Binn\;C:\Program Files\Microsoft SQL Server\150\DTS\Binn\;C:\Users\Admin\AppData\Local\Microsoft\WindowsApps;C:\Program Files (x86)\Dev-Cpp\MinGW64\bin;C:\Program Files\JetBrains\IntelliJ IDEA Community Edition 2020.2.3\bin;C:\WINDOWS\system32;C:\WINDOWS;C:\WINDOWS\System32\Wbem;C:\WINDOWS\System32\WindowsPowerShell\v1.0\;C:\WINDOWS\System32\OpenSSH\;C:\Program Files\Git\cmd;C:\xampp\php;C:\composer;C:\Program Files\nodejs\;C:\Program Files (x86)\Windows Kits\10\Windows Performance Toolkit\;C:\Program Files\dotnet\;C:\Users\Admin\AppData\Local\Microsoft\WindowsApps;C:\Program Files (x86)\Dev-Cpp\MinGW64\bin;C:\Program Files\JetBrains\IntelliJ IDEA Community Edition 2020.2.3\bin;;C:\Users\Admin\AppData\Local\Programs\Microsoft VS Code\bin;C:\Users\Admin\AppData\Roaming\Composer\vendor\bin;C:\Users\Admin\AppData\Roaming\npm
USERNAME=Admin
OS=Windows_NT
PROCESSOR_IDENTIFIER=Intel64 Family 6 Model 142 Stepping 12, GenuineIntel



---------------  S Y S T E M  ---------------

OS: Windows 10 , 64 bit Build 19041 (10.0.19041.1503)
OS uptime: 3 days 10:19 hours

CPU:total 8 (initial active 8) (4 cores per cpu, 2 threads per core) family 6 model 142 stepping 12 microcode 0xea, cmov, cx8, fxsr, mmx, sse, sse2, sse3, ssse3, sse4.1, sse4.2, popcnt, avx, avx2, aes, clmul, erms, 3dnowpref, lzcnt, ht, tsc, tscinvbit, bmi1, bmi2, adx, fma

Memory: 4k page, system-wide physical 8068M (507M free)
TotalPageFile size 17741M (AvailPageFile size 38M)
current process WorkingSet (physical memory assigned to process): 357M, peak: 357M
current process commit charge ("private bytes"): 411M, peak: 478M

vm_info: OpenJDK 64-Bit Server VM (11.0.11+9-b60-7590822) for windows-amd64 JRE (11.0.11+9-b60-7590822), built on Jul 29 2021 21:43:44 by "builder" with MS VC++ 14.0 (VS2015)

END.
